2026-02-17 15:39:05 Debug: Notice (8): Undefined variable: cakeDescription in [D:\xampp71\htdocs\utm-data\app\View\Layouts\default.ctp, line 25]
Trace:
ErrorHandler::handleError() - CORE\Cake\Error\ErrorHandler.php, line 230
include - APP\View\Layouts\default.ctp, line 25
View::_evaluate() - CORE\Cake\View\View.php, line 971
View::_render() - CORE\Cake\View\View.php, line 933
View::renderLayout() - CORE\Cake\View\View.php, line 546
View::render() - CORE\Cake\View\View.php, line 481
Controller::render() - CORE\Cake\Controller\Controller.php, line 968
Dispatcher::_invoke() - CORE\Cake\Routing\Dispatcher.php, line 200
Dispatcher::dispatch() - CORE\Cake\Routing\Dispatcher.php, line 167
[main] - APP\webroot\index.php, line 117

2026-02-17 15:39:05 Debug: Notice (8): Undefined variable: cakeDescription in [D:\xampp71\htdocs\utm-data\app\View\Layouts\default.ctp, line 41]
Trace:
ErrorHandler::handleError() - CORE\Cake\Error\ErrorHandler.php, line 230
include - APP\View\Layouts\default.ctp, line 41
View::_evaluate() - CORE\Cake\View\View.php, line 971
View::_render() - CORE\Cake\View\View.php, line 933
View::renderLayout() - CORE\Cake\View\View.php, line 546
View::render() - CORE\Cake\View\View.php, line 481
Controller::render() - CORE\Cake\Controller\Controller.php, line 968
Dispatcher::_invoke() - CORE\Cake\Routing\Dispatcher.php, line 200
Dispatcher::dispatch() - CORE\Cake\Routing\Dispatcher.php, line 167
[main] - APP\webroot\index.php, line 117

2026-02-17 15:39:05 Debug: Notice (8): Undefined variable: cakeDescription in [D:\xampp71\htdocs\utm-data\app\View\Layouts\default.ctp, line 51]
Trace:
ErrorHandler::handleError() - CORE\Cake\Error\ErrorHandler.php, line 230
include - APP\View\Layouts\default.ctp, line 51
View::_evaluate() - CORE\Cake\View\View.php, line 971
View::_render() - CORE\Cake\View\View.php, line 933
View::renderLayout() - CORE\Cake\View\View.php, line 546
View::render() - CORE\Cake\View\View.php, line 481
Controller::render() - CORE\Cake\Controller\Controller.php, line 968
Dispatcher::_invoke() - CORE\Cake\Routing\Dispatcher.php, line 200
Dispatcher::dispatch() - CORE\Cake\Routing\Dispatcher.php, line 167
[main] - APP\webroot\index.php, line 117

2026-02-17 15:39:05 Debug: Notice (8): Undefined variable: cakeVersion in [D:\xampp71\htdocs\utm-data\app\View\Layouts\default.ctp, line 57]
Trace:
ErrorHandler::handleError() - CORE\Cake\Error\ErrorHandler.php, line 230
include - APP\View\Layouts\default.ctp, line 57
View::_evaluate() - CORE\Cake\View\View.php, line 971
View::_render() - CORE\Cake\View\View.php, line 933
View::renderLayout() - CORE\Cake\View\View.php, line 546
View::render() - CORE\Cake\View\View.php, line 481
Controller::render() - CORE\Cake\Controller\Controller.php, line 968
Dispatcher::_invoke() - CORE\Cake\Routing\Dispatcher.php, line 200
Dispatcher::dispatch() - CORE\Cake\Routing\Dispatcher.php, line 167
[main] - APP\webroot\index.php, line 117

2026-02-17 15:39:55 Debug: Notice (8): Undefined variable: cakeDescription in [D:\xampp71\htdocs\utm-data\app\View\Layouts\default.ctp, line 25]
Trace:
ErrorHandler::handleError() - CORE\Cake\Error\ErrorHandler.php, line 230
include - APP\View\Layouts\default.ctp, line 25
View::_evaluate() - CORE\Cake\View\View.php, line 971
View::_render() - CORE\Cake\View\View.php, line 933
View::renderLayout() - CORE\Cake\View\View.php, line 546
View::render() - CORE\Cake\View\View.php, line 481
Controller::render() - CORE\Cake\Controller\Controller.php, line 968
Dispatcher::_invoke() - CORE\Cake\Routing\Dispatcher.php, line 200
Dispatcher::dispatch() - CORE\Cake\Routing\Dispatcher.php, line 167
[main] - APP\webroot\index.php, line 117

2026-02-17 15:39:55 Debug: Notice (8): Undefined variable: cakeDescription in [D:\xampp71\htdocs\utm-data\app\View\Layouts\default.ctp, line 41]
Trace:
ErrorHandler::handleError() - CORE\Cake\Error\ErrorHandler.php, line 230
include - APP\View\Layouts\default.ctp, line 41
View::_evaluate() - CORE\Cake\View\View.php, line 971
View::_render() - CORE\Cake\View\View.php, line 933
View::renderLayout() - CORE\Cake\View\View.php, line 546
View::render() - CORE\Cake\View\View.php, line 481
Controller::render() - CORE\Cake\Controller\Controller.php, line 968
Dispatcher::_invoke() - CORE\Cake\Routing\Dispatcher.php, line 200
Dispatcher::dispatch() - CORE\Cake\Routing\Dispatcher.php, line 167
[main] - APP\webroot\index.php, line 117

2026-02-17 15:39:55 Debug: Notice (8): Undefined variable: cakeVersion in [D:\xampp71\htdocs\utm-data\app\View\Layouts\default.ctp, line 57]
Trace:
ErrorHandler::handleError() - CORE\Cake\Error\ErrorHandler.php, line 230
include - APP\View\Layouts\default.ctp, line 57
View::_evaluate() - CORE\Cake\View\View.php, line 971
View::_render() - CORE\Cake\View\View.php, line 933
View::renderLayout() - CORE\Cake\View\View.php, line 546
View::render() - CORE\Cake\View\View.php, line 481
Controller::render() - CORE\Cake\Controller\Controller.php, line 968
Dispatcher::_invoke() - CORE\Cake\Routing\Dispatcher.php, line 200
Dispatcher::dispatch() - CORE\Cake\Routing\Dispatcher.php, line 167
[main] - APP\webroot\index.php, line 117

2026-02-17 15:40:34 Debug: Notice (8): Undefined variable: cakeDescription in [D:\xampp71\htdocs\utm-data\app\View\Layouts\default.ctp, line 25]
Trace:
ErrorHandler::handleError() - CORE\Cake\Error\ErrorHandler.php, line 230
include - APP\View\Layouts\default.ctp, line 25
View::_evaluate() - CORE\Cake\View\View.php, line 971
View::_render() - CORE\Cake\View\View.php, line 933
View::renderLayout() - CORE\Cake\View\View.php, line 546
View::render() - CORE\Cake\View\View.php, line 481
Controller::render() - CORE\Cake\Controller\Controller.php, line 968
ExceptionRenderer::_outputMessage() - CORE\Cake\Error\ExceptionRenderer.php, line 292
ExceptionRenderer::error400() - CORE\Cake\Error\ExceptionRenderer.php, line 236
ExceptionRenderer::render() - CORE\Cake\Error\ExceptionRenderer.php, line 190
ErrorHandler::handleException() - CORE\Cake\Error\ErrorHandler.php, line 127
[main] - [internal], line ??

2026-02-17 15:40:34 Debug: Notice (8): Undefined variable: cakeDescription in [D:\xampp71\htdocs\utm-data\app\View\Layouts\default.ctp, line 41]
Trace:
ErrorHandler::handleError() - CORE\Cake\Error\ErrorHandler.php, line 230
include - APP\View\Layouts\default.ctp, line 41
View::_evaluate() - CORE\Cake\View\View.php, line 971
View::_render() - CORE\Cake\View\View.php, line 933
View::renderLayout() - CORE\Cake\View\View.php, line 546
View::render() - CORE\Cake\View\View.php, line 481
Controller::render() - CORE\Cake\Controller\Controller.php, line 968
ExceptionRenderer::_outputMessage() - CORE\Cake\Error\ExceptionRenderer.php, line 292
ExceptionRenderer::error400() - CORE\Cake\Error\ExceptionRenderer.php, line 236
ExceptionRenderer::render() - CORE\Cake\Error\ExceptionRenderer.php, line 190
ErrorHandler::handleException() - CORE\Cake\Error\ErrorHandler.php, line 127
[main] - [internal], line ??

2026-02-17 15:40:34 Debug: Notice (8): Undefined variable: cakeVersion in [D:\xampp71\htdocs\utm-data\app\View\Layouts\default.ctp, line 57]
Trace:
ErrorHandler::handleError() - CORE\Cake\Error\ErrorHandler.php, line 230
include - APP\View\Layouts\default.ctp, line 57
View::_evaluate() - CORE\Cake\View\View.php, line 971
View::_render() - CORE\Cake\View\View.php, line 933
View::renderLayout() - CORE\Cake\View\View.php, line 546
View::render() - CORE\Cake\View\View.php, line 481
Controller::render() - CORE\Cake\Controller\Controller.php, line 968
ExceptionRenderer::_outputMessage() - CORE\Cake\Error\ExceptionRenderer.php, line 292
ExceptionRenderer::error400() - CORE\Cake\Error\ExceptionRenderer.php, line 236
ExceptionRenderer::render() - CORE\Cake\Error\ExceptionRenderer.php, line 190
ErrorHandler::handleException() - CORE\Cake\Error\ErrorHandler.php, line 127
[main] - [internal], line ??

2026-02-17 15:42:03 Debug: Notice (8): Undefined variable: cakeDescription in [D:\xampp71\htdocs\utm-data\app\View\Layouts\default.ctp, line 25]
Trace:
ErrorHandler::handleError() - CORE\Cake\Error\ErrorHandler.php, line 230
include - APP\View\Layouts\default.ctp, line 25
View::_evaluate() - CORE\Cake\View\View.php, line 971
View::_render() - CORE\Cake\View\View.php, line 933
View::renderLayout() - CORE\Cake\View\View.php, line 546
View::render() - CORE\Cake\View\View.php, line 481
Controller::render() - CORE\Cake\Controller\Controller.php, line 968
ExceptionRenderer::_outputMessage() - CORE\Cake\Error\ExceptionRenderer.php, line 292
ExceptionRenderer::error400() - CORE\Cake\Error\ExceptionRenderer.php, line 236
ExceptionRenderer::render() - CORE\Cake\Error\ExceptionRenderer.php, line 190
ErrorHandler::handleException() - CORE\Cake\Error\ErrorHandler.php, line 127
[main] - [internal], line ??

2026-02-17 15:42:03 Debug: Notice (8): Undefined variable: cakeDescription in [D:\xampp71\htdocs\utm-data\app\View\Layouts\default.ctp, line 41]
Trace:
ErrorHandler::handleError() - CORE\Cake\Error\ErrorHandler.php, line 230
include - APP\View\Layouts\default.ctp, line 41
View::_evaluate() - CORE\Cake\View\View.php, line 971
View::_render() - CORE\Cake\View\View.php, line 933
View::renderLayout() - CORE\Cake\View\View.php, line 546
View::render() - CORE\Cake\View\View.php, line 481
Controller::render() - CORE\Cake\Controller\Controller.php, line 968
ExceptionRenderer::_outputMessage() - CORE\Cake\Error\ExceptionRenderer.php, line 292
ExceptionRenderer::error400() - CORE\Cake\Error\ExceptionRenderer.php, line 236
ExceptionRenderer::render() - CORE\Cake\Error\ExceptionRenderer.php, line 190
ErrorHandler::handleException() - CORE\Cake\Error\ErrorHandler.php, line 127
[main] - [internal], line ??

2026-02-17 15:42:03 Debug: Notice (8): Undefined variable: cakeVersion in [D:\xampp71\htdocs\utm-data\app\View\Layouts\default.ctp, line 57]
Trace:
ErrorHandler::handleError() - CORE\Cake\Error\ErrorHandler.php, line 230
include - APP\View\Layouts\default.ctp, line 57
View::_evaluate() - CORE\Cake\View\View.php, line 971
View::_render() - CORE\Cake\View\View.php, line 933
View::renderLayout() - CORE\Cake\View\View.php, line 546
View::render() - CORE\Cake\View\View.php, line 481
Controller::render() - CORE\Cake\Controller\Controller.php, line 968
ExceptionRenderer::_outputMessage() - CORE\Cake\Error\ExceptionRenderer.php, line 292
ExceptionRenderer::error400() - CORE\Cake\Error\ExceptionRenderer.php, line 236
ExceptionRenderer::render() - CORE\Cake\Error\ExceptionRenderer.php, line 190
ErrorHandler::handleException() - CORE\Cake\Error\ErrorHandler.php, line 127
[main] - [internal], line ??

2026-02-17 15:43:51 Debug: Notice (8): Undefined variable: cakeDescription in [D:\xampp71\htdocs\utm-data\app\View\Layouts\default.ctp, line 25]
Trace:
ErrorHandler::handleError() - CORE\Cake\Error\ErrorHandler.php, line 230
include - APP\View\Layouts\default.ctp, line 25
View::_evaluate() - CORE\Cake\View\View.php, line 971
View::_render() - CORE\Cake\View\View.php, line 933
View::renderLayout() - CORE\Cake\View\View.php, line 546
View::render() - CORE\Cake\View\View.php, line 481
Controller::render() - CORE\Cake\Controller\Controller.php, line 968
ExceptionRenderer::_outputMessage() - CORE\Cake\Error\ExceptionRenderer.php, line 292
ExceptionRenderer::error400() - CORE\Cake\Error\ExceptionRenderer.php, line 236
ExceptionRenderer::render() - CORE\Cake\Error\ExceptionRenderer.php, line 190
ErrorHandler::handleException() - CORE\Cake\Error\ErrorHandler.php, line 127
[main] - [internal], line ??

2026-02-17 15:43:51 Debug: Notice (8): Undefined variable: cakeDescription in [D:\xampp71\htdocs\utm-data\app\View\Layouts\default.ctp, line 41]
Trace:
ErrorHandler::handleError() - CORE\Cake\Error\ErrorHandler.php, line 230
include - APP\View\Layouts\default.ctp, line 41
View::_evaluate() - CORE\Cake\View\View.php, line 971
View::_render() - CORE\Cake\View\View.php, line 933
View::renderLayout() - CORE\Cake\View\View.php, line 546
View::render() - CORE\Cake\View\View.php, line 481
Controller::render() - CORE\Cake\Controller\Controller.php, line 968
ExceptionRenderer::_outputMessage() - CORE\Cake\Error\ExceptionRenderer.php, line 292
ExceptionRenderer::error400() - CORE\Cake\Error\ExceptionRenderer.php, line 236
ExceptionRenderer::render() - CORE\Cake\Error\ExceptionRenderer.php, line 190
ErrorHandler::handleException() - CORE\Cake\Error\ErrorHandler.php, line 127
[main] - [internal], line ??

2026-02-17 15:43:51 Debug: Notice (8): Undefined variable: cakeVersion in [D:\xampp71\htdocs\utm-data\app\View\Layouts\default.ctp, line 57]
Trace:
ErrorHandler::handleError() - CORE\Cake\Error\ErrorHandler.php, line 230
include - APP\View\Layouts\default.ctp, line 57
View::_evaluate() - CORE\Cake\View\View.php, line 971
View::_render() - CORE\Cake\View\View.php, line 933
View::renderLayout() - CORE\Cake\View\View.php, line 546
View::render() - CORE\Cake\View\View.php, line 481
Controller::render() - CORE\Cake\Controller\Controller.php, line 968
ExceptionRenderer::_outputMessage() - CORE\Cake\Error\ExceptionRenderer.php, line 292
ExceptionRenderer::error400() - CORE\Cake\Error\ExceptionRenderer.php, line 236
ExceptionRenderer::render() - CORE\Cake\Error\ExceptionRenderer.php, line 190
ErrorHandler::handleException() - CORE\Cake\Error\ErrorHandler.php, line 127
[main] - [internal], line ??

2026-02-17 15:44:15 Debug: Notice (8): Undefined variable: cakeDescription in [D:\xampp71\htdocs\utm-data\app\View\Layouts\default.ctp, line 25]
Trace:
ErrorHandler::handleError() - CORE\Cake\Error\ErrorHandler.php, line 230
include - APP\View\Layouts\default.ctp, line 25
View::_evaluate() - CORE\Cake\View\View.php, line 971
View::_render() - CORE\Cake\View\View.php, line 933
View::renderLayout() - CORE\Cake\View\View.php, line 546
View::render() - CORE\Cake\View\View.php, line 481
Controller::render() - CORE\Cake\Controller\Controller.php, line 968
ExceptionRenderer::_outputMessage() - CORE\Cake\Error\ExceptionRenderer.php, line 292
ExceptionRenderer::error400() - CORE\Cake\Error\ExceptionRenderer.php, line 236
ExceptionRenderer::render() - CORE\Cake\Error\ExceptionRenderer.php, line 190
ErrorHandler::handleException() - CORE\Cake\Error\ErrorHandler.php, line 127
[main] - [internal], line ??

2026-02-17 15:44:15 Debug: Notice (8): Undefined variable: cakeDescription in [D:\xampp71\htdocs\utm-data\app\View\Layouts\default.ctp, line 41]
Trace:
ErrorHandler::handleError() - CORE\Cake\Error\ErrorHandler.php, line 230
include - APP\View\Layouts\default.ctp, line 41
View::_evaluate() - CORE\Cake\View\View.php, line 971
View::_render() - CORE\Cake\View\View.php, line 933
View::renderLayout() - CORE\Cake\View\View.php, line 546
View::render() - CORE\Cake\View\View.php, line 481
Controller::render() - CORE\Cake\Controller\Controller.php, line 968
ExceptionRenderer::_outputMessage() - CORE\Cake\Error\ExceptionRenderer.php, line 292
ExceptionRenderer::error400() - CORE\Cake\Error\ExceptionRenderer.php, line 236
ExceptionRenderer::render() - CORE\Cake\Error\ExceptionRenderer.php, line 190
ErrorHandler::handleException() - CORE\Cake\Error\ErrorHandler.php, line 127
[main] - [internal], line ??

2026-02-17 15:44:15 Debug: Notice (8): Undefined variable: cakeVersion in [D:\xampp71\htdocs\utm-data\app\View\Layouts\default.ctp, line 57]
Trace:
ErrorHandler::handleError() - CORE\Cake\Error\ErrorHandler.php, line 230
include - APP\View\Layouts\default.ctp, line 57
View::_evaluate() - CORE\Cake\View\View.php, line 971
View::_render() - CORE\Cake\View\View.php, line 933
View::renderLayout() - CORE\Cake\View\View.php, line 546
View::render() - CORE\Cake\View\View.php, line 481
Controller::render() - CORE\Cake\Controller\Controller.php, line 968
ExceptionRenderer::_outputMessage() - CORE\Cake\Error\ExceptionRenderer.php, line 292
ExceptionRenderer::error400() - CORE\Cake\Error\ExceptionRenderer.php, line 236
ExceptionRenderer::render() - CORE\Cake\Error\ExceptionRenderer.php, line 190
ErrorHandler::handleException() - CORE\Cake\Error\ErrorHandler.php, line 127
[main] - [internal], line ??

2026-02-17 15:44:18 Debug: Notice (8): Undefined variable: cakeDescription in [D:\xampp71\htdocs\utm-data\app\View\Layouts\default.ctp, line 25]
Trace:
ErrorHandler::handleError() - CORE\Cake\Error\ErrorHandler.php, line 230
include - APP\View\Layouts\default.ctp, line 25
View::_evaluate() - CORE\Cake\View\View.php, line 971
View::_render() - CORE\Cake\View\View.php, line 933
View::renderLayout() - CORE\Cake\View\View.php, line 546
View::render() - CORE\Cake\View\View.php, line 481
Controller::render() - CORE\Cake\Controller\Controller.php, line 968
ExceptionRenderer::_outputMessage() - CORE\Cake\Error\ExceptionRenderer.php, line 292
ExceptionRenderer::error400() - CORE\Cake\Error\ExceptionRenderer.php, line 236
ExceptionRenderer::render() - CORE\Cake\Error\ExceptionRenderer.php, line 190
ErrorHandler::handleException() - CORE\Cake\Error\ErrorHandler.php, line 127
[main] - [internal], line ??

2026-02-17 15:44:18 Debug: Notice (8): Undefined variable: cakeDescription in [D:\xampp71\htdocs\utm-data\app\View\Layouts\default.ctp, line 41]
Trace:
ErrorHandler::handleError() - CORE\Cake\Error\ErrorHandler.php, line 230
include - APP\View\Layouts\default.ctp, line 41
View::_evaluate() - CORE\Cake\View\View.php, line 971
View::_render() - CORE\Cake\View\View.php, line 933
View::renderLayout() - CORE\Cake\View\View.php, line 546
View::render() - CORE\Cake\View\View.php, line 481
Controller::render() - CORE\Cake\Controller\Controller.php, line 968
ExceptionRenderer::_outputMessage() - CORE\Cake\Error\ExceptionRenderer.php, line 292
ExceptionRenderer::error400() - CORE\Cake\Error\ExceptionRenderer.php, line 236
ExceptionRenderer::render() - CORE\Cake\Error\ExceptionRenderer.php, line 190
ErrorHandler::handleException() - CORE\Cake\Error\ErrorHandler.php, line 127
[main] - [internal], line ??

2026-02-17 15:44:18 Debug: Notice (8): Undefined variable: cakeVersion in [D:\xampp71\htdocs\utm-data\app\View\Layouts\default.ctp, line 57]
Trace:
ErrorHandler::handleError() - CORE\Cake\Error\ErrorHandler.php, line 230
include - APP\View\Layouts\default.ctp, line 57
View::_evaluate() - CORE\Cake\View\View.php, line 971
View::_render() - CORE\Cake\View\View.php, line 933
View::renderLayout() - CORE\Cake\View\View.php, line 546
View::render() - CORE\Cake\View\View.php, line 481
Controller::render() - CORE\Cake\Controller\Controller.php, line 968
ExceptionRenderer::_outputMessage() - CORE\Cake\Error\ExceptionRenderer.php, line 292
ExceptionRenderer::error400() - CORE\Cake\Error\ExceptionRenderer.php, line 236
ExceptionRenderer::render() - CORE\Cake\Error\ExceptionRenderer.php, line 190
ErrorHandler::handleException() - CORE\Cake\Error\ErrorHandler.php, line 127
[main] - [internal], line ??

2026-02-17 15:46:14 Debug: Notice (8): Undefined variable: cakeDescription in [D:\xampp71\htdocs\utm-data\app\View\Layouts\default.ctp, line 25]
Trace:
ErrorHandler::handleError() - CORE\Cake\Error\ErrorHandler.php, line 230
include - APP\View\Layouts\default.ctp, line 25
View::_evaluate() - CORE\Cake\View\View.php, line 971
View::_render() - CORE\Cake\View\View.php, line 933
View::renderLayout() - CORE\Cake\View\View.php, line 546
View::render() - CORE\Cake\View\View.php, line 481
Controller::render() - CORE\Cake\Controller\Controller.php, line 968
Dispatcher::_invoke() - CORE\Cake\Routing\Dispatcher.php, line 200
Dispatcher::dispatch() - CORE\Cake\Routing\Dispatcher.php, line 167
[main] - APP\webroot\index.php, line 117

2026-02-17 15:46:14 Debug: Notice (8): Undefined variable: cakeDescription in [D:\xampp71\htdocs\utm-data\app\View\Layouts\default.ctp, line 41]
Trace:
ErrorHandler::handleError() - CORE\Cake\Error\ErrorHandler.php, line 230
include - APP\View\Layouts\default.ctp, line 41
View::_evaluate() - CORE\Cake\View\View.php, line 971
View::_render() - CORE\Cake\View\View.php, line 933
View::renderLayout() - CORE\Cake\View\View.php, line 546
View::render() - CORE\Cake\View\View.php, line 481
Controller::render() - CORE\Cake\Controller\Controller.php, line 968
Dispatcher::_invoke() - CORE\Cake\Routing\Dispatcher.php, line 200
Dispatcher::dispatch() - CORE\Cake\Routing\Dispatcher.php, line 167
[main] - APP\webroot\index.php, line 117

2026-02-17 15:46:14 Debug: Notice (8): Undefined variable: cakeVersion in [D:\xampp71\htdocs\utm-data\app\View\Layouts\default.ctp, line 57]
Trace:
ErrorHandler::handleError() - CORE\Cake\Error\ErrorHandler.php, line 230
include - APP\View\Layouts\default.ctp, line 57
View::_evaluate() - CORE\Cake\View\View.php, line 971
View::_render() - CORE\Cake\View\View.php, line 933
View::renderLayout() - CORE\Cake\View\View.php, line 546
View::render() - CORE\Cake\View\View.php, line 481
Controller::render() - CORE\Cake\Controller\Controller.php, line 968
Dispatcher::_invoke() - CORE\Cake\Routing\Dispatcher.php, line 200
Dispatcher::dispatch() - CORE\Cake\Routing\Dispatcher.php, line 167
[main] - APP\webroot\index.php, line 117

2026-02-17 15:46:15 Debug: Notice (8): Undefined variable: cakeDescription in [D:\xampp71\htdocs\utm-data\app\View\Layouts\default.ctp, line 25]
Trace:
ErrorHandler::handleError() - CORE\Cake\Error\ErrorHandler.php, line 230
include - APP\View\Layouts\default.ctp, line 25
View::_evaluate() - CORE\Cake\View\View.php, line 971
View::_render() - CORE\Cake\View\View.php, line 933
View::renderLayout() - CORE\Cake\View\View.php, line 546
View::render() - CORE\Cake\View\View.php, line 481
Controller::render() - CORE\Cake\Controller\Controller.php, line 968
Dispatcher::_invoke() - CORE\Cake\Routing\Dispatcher.php, line 200
Dispatcher::dispatch() - CORE\Cake\Routing\Dispatcher.php, line 167
[main] - APP\webroot\index.php, line 117

2026-02-17 15:46:15 Debug: Notice (8): Undefined variable: cakeDescription in [D:\xampp71\htdocs\utm-data\app\View\Layouts\default.ctp, line 41]
Trace:
ErrorHandler::handleError() - CORE\Cake\Error\ErrorHandler.php, line 230
include - APP\View\Layouts\default.ctp, line 41
View::_evaluate() - CORE\Cake\View\View.php, line 971
View::_render() - CORE\Cake\View\View.php, line 933
View::renderLayout() - CORE\Cake\View\View.php, line 546
View::render() - CORE\Cake\View\View.php, line 481
Controller::render() - CORE\Cake\Controller\Controller.php, line 968
Dispatcher::_invoke() - CORE\Cake\Routing\Dispatcher.php, line 200
Dispatcher::dispatch() - CORE\Cake\Routing\Dispatcher.php, line 167
[main] - APP\webroot\index.php, line 117

2026-02-17 15:46:15 Debug: Notice (8): Undefined variable: cakeVersion in [D:\xampp71\htdocs\utm-data\app\View\Layouts\default.ctp, line 57]
Trace:
ErrorHandler::handleError() - CORE\Cake\Error\ErrorHandler.php, line 230
include - APP\View\Layouts\default.ctp, line 57
View::_evaluate() - CORE\Cake\View\View.php, line 971
View::_render() - CORE\Cake\View\View.php, line 933
View::renderLayout() - CORE\Cake\View\View.php, line 546
View::render() - CORE\Cake\View\View.php, line 481
Controller::render() - CORE\Cake\Controller\Controller.php, line 968
Dispatcher::_invoke() - CORE\Cake\Routing\Dispatcher.php, line 200
Dispatcher::dispatch() - CORE\Cake\Routing\Dispatcher.php, line 167
[main] - APP\webroot\index.php, line 117

2026-02-17 15:46:17 Debug: Notice (8): Undefined variable: cakeDescription in [D:\xampp71\htdocs\utm-data\app\View\Layouts\default.ctp, line 25]
Trace:
ErrorHandler::handleError() - CORE\Cake\Error\ErrorHandler.php, line 230
include - APP\View\Layouts\default.ctp, line 25
View::_evaluate() - CORE\Cake\View\View.php, line 971
View::_render() - CORE\Cake\View\View.php, line 933
View::renderLayout() - CORE\Cake\View\View.php, line 546
View::render() - CORE\Cake\View\View.php, line 481
Controller::render() - CORE\Cake\Controller\Controller.php, line 968
Dispatcher::_invoke() - CORE\Cake\Routing\Dispatcher.php, line 200
Dispatcher::dispatch() - CORE\Cake\Routing\Dispatcher.php, line 167
[main] - APP\webroot\index.php, line 117

2026-02-17 15:46:17 Debug: Notice (8): Undefined variable: cakeDescription in [D:\xampp71\htdocs\utm-data\app\View\Layouts\default.ctp, line 41]
Trace:
ErrorHandler::handleError() - CORE\Cake\Error\ErrorHandler.php, line 230
include - APP\View\Layouts\default.ctp, line 41
View::_evaluate() - CORE\Cake\View\View.php, line 971
View::_render() - CORE\Cake\View\View.php, line 933
View::renderLayout() - CORE\Cake\View\View.php, line 546
View::render() - CORE\Cake\View\View.php, line 481
Controller::render() - CORE\Cake\Controller\Controller.php, line 968
Dispatcher::_invoke() - CORE\Cake\Routing\Dispatcher.php, line 200
Dispatcher::dispatch() - CORE\Cake\Routing\Dispatcher.php, line 167
[main] - APP\webroot\index.php, line 117

2026-02-17 15:46:17 Debug: Notice (8): Undefined variable: cakeVersion in [D:\xampp71\htdocs\utm-data\app\View\Layouts\default.ctp, line 57]
Trace:
ErrorHandler::handleError() - CORE\Cake\Error\ErrorHandler.php, line 230
include - APP\View\Layouts\default.ctp, line 57
View::_evaluate() - CORE\Cake\View\View.php, line 971
View::_render() - CORE\Cake\View\View.php, line 933
View::renderLayout() - CORE\Cake\View\View.php, line 546
View::render() - CORE\Cake\View\View.php, line 481
Controller::render() - CORE\Cake\Controller\Controller.php, line 968
Dispatcher::_invoke() - CORE\Cake\Routing\Dispatcher.php, line 200
Dispatcher::dispatch() - CORE\Cake\Routing\Dispatcher.php, line 167
[main] - APP\webroot\index.php, line 117

2026-02-17 15:46:19 Debug: Notice (8): Undefined variable: cakeDescription in [D:\xampp71\htdocs\utm-data\app\View\Layouts\default.ctp, line 25]
Trace:
ErrorHandler::handleError() - CORE\Cake\Error\ErrorHandler.php, line 230
include - APP\View\Layouts\default.ctp, line 25
View::_evaluate() - CORE\Cake\View\View.php, line 971
View::_render() - CORE\Cake\View\View.php, line 933
View::renderLayout() - CORE\Cake\View\View.php, line 546
View::render() - CORE\Cake\View\View.php, line 481
Controller::render() - CORE\Cake\Controller\Controller.php, line 968
Dispatcher::_invoke() - CORE\Cake\Routing\Dispatcher.php, line 200
Dispatcher::dispatch() - CORE\Cake\Routing\Dispatcher.php, line 167
[main] - APP\webroot\index.php, line 117

2026-02-17 15:46:19 Debug: Notice (8): Undefined variable: cakeDescription in [D:\xampp71\htdocs\utm-data\app\View\Layouts\default.ctp, line 41]
Trace:
ErrorHandler::handleError() - CORE\Cake\Error\ErrorHandler.php, line 230
include - APP\View\Layouts\default.ctp, line 41
View::_evaluate() - CORE\Cake\View\View.php, line 971
View::_render() - CORE\Cake\View\View.php, line 933
View::renderLayout() - CORE\Cake\View\View.php, line 546
View::render() - CORE\Cake\View\View.php, line 481
Controller::render() - CORE\Cake\Controller\Controller.php, line 968
Dispatcher::_invoke() - CORE\Cake\Routing\Dispatcher.php, line 200
Dispatcher::dispatch() - CORE\Cake\Routing\Dispatcher.php, line 167
[main] - APP\webroot\index.php, line 117

2026-02-17 15:46:19 Debug: Notice (8): Undefined variable: cakeVersion in [D:\xampp71\htdocs\utm-data\app\View\Layouts\default.ctp, line 57]
Trace:
ErrorHandler::handleError() - CORE\Cake\Error\ErrorHandler.php, line 230
include - APP\View\Layouts\default.ctp, line 57
View::_evaluate() - CORE\Cake\View\View.php, line 971
View::_render() - CORE\Cake\View\View.php, line 933
View::renderLayout() - CORE\Cake\View\View.php, line 546
View::render() - CORE\Cake\View\View.php, line 481
Controller::render() - CORE\Cake\Controller\Controller.php, line 968
Dispatcher::_invoke() - CORE\Cake\Routing\Dispatcher.php, line 200
Dispatcher::dispatch() - CORE\Cake\Routing\Dispatcher.php, line 167
[main] - APP\webroot\index.php, line 117

2026-02-17 15:46:21 Debug: Notice (8): Undefined variable: cakeDescription in [D:\xampp71\htdocs\utm-data\app\View\Layouts\default.ctp, line 25]
Trace:
ErrorHandler::handleError() - CORE\Cake\Error\ErrorHandler.php, line 230
include - APP\View\Layouts\default.ctp, line 25
View::_evaluate() - CORE\Cake\View\View.php, line 971
View::_render() - CORE\Cake\View\View.php, line 933
View::renderLayout() - CORE\Cake\View\View.php, line 546
View::render() - CORE\Cake\View\View.php, line 481
Controller::render() - CORE\Cake\Controller\Controller.php, line 968
Dispatcher::_invoke() - CORE\Cake\Routing\Dispatcher.php, line 200
Dispatcher::dispatch() - CORE\Cake\Routing\Dispatcher.php, line 167
[main] - APP\webroot\index.php, line 117

2026-02-17 15:46:21 Debug: Notice (8): Undefined variable: cakeDescription in [D:\xampp71\htdocs\utm-data\app\View\Layouts\default.ctp, line 41]
Trace:
ErrorHandler::handleError() - CORE\Cake\Error\ErrorHandler.php, line 230
include - APP\View\Layouts\default.ctp, line 41
View::_evaluate() - CORE\Cake\View\View.php, line 971
View::_render() - CORE\Cake\View\View.php, line 933
View::renderLayout() - CORE\Cake\View\View.php, line 546
View::render() - CORE\Cake\View\View.php, line 481
Controller::render() - CORE\Cake\Controller\Controller.php, line 968
Dispatcher::_invoke() - CORE\Cake\Routing\Dispatcher.php, line 200
Dispatcher::dispatch() - CORE\Cake\Routing\Dispatcher.php, line 167
[main] - APP\webroot\index.php, line 117

2026-02-17 15:46:21 Debug: Notice (8): Undefined variable: cakeVersion in [D:\xampp71\htdocs\utm-data\app\View\Layouts\default.ctp, line 57]
Trace:
ErrorHandler::handleError() - CORE\Cake\Error\ErrorHandler.php, line 230
include - APP\View\Layouts\default.ctp, line 57
View::_evaluate() - CORE\Cake\View\View.php, line 971
View::_render() - CORE\Cake\View\View.php, line 933
View::renderLayout() - CORE\Cake\View\View.php, line 546
View::render() - CORE\Cake\View\View.php, line 481
Controller::render() - CORE\Cake\Controller\Controller.php, line 968
Dispatcher::_invoke() - CORE\Cake\Routing\Dispatcher.php, line 200
Dispatcher::dispatch() - CORE\Cake\Routing\Dispatcher.php, line 167
[main] - APP\webroot\index.php, line 117

2026-02-17 15:46:22 Debug: Notice (8): Undefined variable: cakeDescription in [D:\xampp71\htdocs\utm-data\app\View\Layouts\default.ctp, line 25]
Trace:
ErrorHandler::handleError() - CORE\Cake\Error\ErrorHandler.php, line 230
include - APP\View\Layouts\default.ctp, line 25
View::_evaluate() - CORE\Cake\View\View.php, line 971
View::_render() - CORE\Cake\View\View.php, line 933
View::renderLayout() - CORE\Cake\View\View.php, line 546
View::render() - CORE\Cake\View\View.php, line 481
Controller::render() - CORE\Cake\Controller\Controller.php, line 968
Dispatcher::_invoke() - CORE\Cake\Routing\Dispatcher.php, line 200
Dispatcher::dispatch() - CORE\Cake\Routing\Dispatcher.php, line 167
[main] - APP\webroot\index.php, line 117

2026-02-17 15:46:22 Debug: Notice (8): Undefined variable: cakeDescription in [D:\xampp71\htdocs\utm-data\app\View\Layouts\default.ctp, line 41]
Trace:
ErrorHandler::handleError() - CORE\Cake\Error\ErrorHandler.php, line 230
include - APP\View\Layouts\default.ctp, line 41
View::_evaluate() - CORE\Cake\View\View.php, line 971
View::_render() - CORE\Cake\View\View.php, line 933
View::renderLayout() - CORE\Cake\View\View.php, line 546
View::render() - CORE\Cake\View\View.php, line 481
Controller::render() - CORE\Cake\Controller\Controller.php, line 968
Dispatcher::_invoke() - CORE\Cake\Routing\Dispatcher.php, line 200
Dispatcher::dispatch() - CORE\Cake\Routing\Dispatcher.php, line 167
[main] - APP\webroot\index.php, line 117

2026-02-17 15:46:22 Debug: Notice (8): Undefined variable: cakeVersion in [D:\xampp71\htdocs\utm-data\app\View\Layouts\default.ctp, line 57]
Trace:
ErrorHandler::handleError() - CORE\Cake\Error\ErrorHandler.php, line 230
include - APP\View\Layouts\default.ctp, line 57
View::_evaluate() - CORE\Cake\View\View.php, line 971
View::_render() - CORE\Cake\View\View.php, line 933
View::renderLayout() - CORE\Cake\View\View.php, line 546
View::render() - CORE\Cake\View\View.php, line 481
Controller::render() - CORE\Cake\Controller\Controller.php, line 968
Dispatcher::_invoke() - CORE\Cake\Routing\Dispatcher.php, line 200
Dispatcher::dispatch() - CORE\Cake\Routing\Dispatcher.php, line 167
[main] - APP\webroot\index.php, line 117

2026-02-17 15:46:42 Debug: Notice (8): Undefined variable: cakeDescription in [D:\xampp71\htdocs\utm-data\app\View\Layouts\default.ctp, line 25]
Trace:
ErrorHandler::handleError() - CORE\Cake\Error\ErrorHandler.php, line 230
include - APP\View\Layouts\default.ctp, line 25
View::_evaluate() - CORE\Cake\View\View.php, line 971
View::_render() - CORE\Cake\View\View.php, line 933
View::renderLayout() - CORE\Cake\View\View.php, line 546
View::render() - CORE\Cake\View\View.php, line 481
Controller::render() - CORE\Cake\Controller\Controller.php, line 968
ExceptionRenderer::_outputMessage() - CORE\Cake\Error\ExceptionRenderer.php, line 292
ExceptionRenderer::error400() - CORE\Cake\Error\ExceptionRenderer.php, line 236
ExceptionRenderer::render() - CORE\Cake\Error\ExceptionRenderer.php, line 190
ErrorHandler::handleException() - CORE\Cake\Error\ErrorHandler.php, line 127
[main] - [internal], line ??

2026-02-17 15:46:42 Debug: Notice (8): Undefined variable: cakeDescription in [D:\xampp71\htdocs\utm-data\app\View\Layouts\default.ctp, line 41]
Trace:
ErrorHandler::handleError() - CORE\Cake\Error\ErrorHandler.php, line 230
include - APP\View\Layouts\default.ctp, line 41
View::_evaluate() - CORE\Cake\View\View.php, line 971
View::_render() - CORE\Cake\View\View.php, line 933
View::renderLayout() - CORE\Cake\View\View.php, line 546
View::render() - CORE\Cake\View\View.php, line 481
Controller::render() - CORE\Cake\Controller\Controller.php, line 968
ExceptionRenderer::_outputMessage() - CORE\Cake\Error\ExceptionRenderer.php, line 292
ExceptionRenderer::error400() - CORE\Cake\Error\ExceptionRenderer.php, line 236
ExceptionRenderer::render() - CORE\Cake\Error\ExceptionRenderer.php, line 190
ErrorHandler::handleException() - CORE\Cake\Error\ErrorHandler.php, line 127
[main] - [internal], line ??

2026-02-17 15:46:42 Debug: Notice (8): Undefined variable: cakeVersion in [D:\xampp71\htdocs\utm-data\app\View\Layouts\default.ctp, line 57]
Trace:
ErrorHandler::handleError() - CORE\Cake\Error\ErrorHandler.php, line 230
include - APP\View\Layouts\default.ctp, line 57
View::_evaluate() - CORE\Cake\View\View.php, line 971
View::_render() - CORE\Cake\View\View.php, line 933
View::renderLayout() - CORE\Cake\View\View.php, line 546
View::render() - CORE\Cake\View\View.php, line 481
Controller::render() - CORE\Cake\Controller\Controller.php, line 968
ExceptionRenderer::_outputMessage() - CORE\Cake\Error\ExceptionRenderer.php, line 292
ExceptionRenderer::error400() - CORE\Cake\Error\ExceptionRenderer.php, line 236
ExceptionRenderer::render() - CORE\Cake\Error\ExceptionRenderer.php, line 190
ErrorHandler::handleException() - CORE\Cake\Error\ErrorHandler.php, line 127
[main] - [internal], line ??

2026-02-17 15:46:45 Debug: Notice (8): Undefined variable: cakeDescription in [D:\xampp71\htdocs\utm-data\app\View\Layouts\default.ctp, line 25]
Trace:
ErrorHandler::handleError() - CORE\Cake\Error\ErrorHandler.php, line 230
include - APP\View\Layouts\default.ctp, line 25
View::_evaluate() - CORE\Cake\View\View.php, line 971
View::_render() - CORE\Cake\View\View.php, line 933
View::renderLayout() - CORE\Cake\View\View.php, line 546
View::render() - CORE\Cake\View\View.php, line 481
Controller::render() - CORE\Cake\Controller\Controller.php, line 968
Dispatcher::_invoke() - CORE\Cake\Routing\Dispatcher.php, line 200
Dispatcher::dispatch() - CORE\Cake\Routing\Dispatcher.php, line 167
[main] - APP\webroot\index.php, line 117

2026-02-17 15:46:45 Debug: Notice (8): Undefined variable: cakeDescription in [D:\xampp71\htdocs\utm-data\app\View\Layouts\default.ctp, line 41]
Trace:
ErrorHandler::handleError() - CORE\Cake\Error\ErrorHandler.php, line 230
include - APP\View\Layouts\default.ctp, line 41
View::_evaluate() - CORE\Cake\View\View.php, line 971
View::_render() - CORE\Cake\View\View.php, line 933
View::renderLayout() - CORE\Cake\View\View.php, line 546
View::render() - CORE\Cake\View\View.php, line 481
Controller::render() - CORE\Cake\Controller\Controller.php, line 968
Dispatcher::_invoke() - CORE\Cake\Routing\Dispatcher.php, line 200
Dispatcher::dispatch() - CORE\Cake\Routing\Dispatcher.php, line 167
[main] - APP\webroot\index.php, line 117

2026-02-17 15:46:45 Debug: Notice (8): Undefined variable: cakeVersion in [D:\xampp71\htdocs\utm-data\app\View\Layouts\default.ctp, line 57]
Trace:
ErrorHandler::handleError() - CORE\Cake\Error\ErrorHandler.php, line 230
include - APP\View\Layouts\default.ctp, line 57
View::_evaluate() - CORE\Cake\View\View.php, line 971
View::_render() - CORE\Cake\View\View.php, line 933
View::renderLayout() - CORE\Cake\View\View.php, line 546
View::render() - CORE\Cake\View\View.php, line 481
Controller::render() - CORE\Cake\Controller\Controller.php, line 968
Dispatcher::_invoke() - CORE\Cake\Routing\Dispatcher.php, line 200
Dispatcher::dispatch() - CORE\Cake\Routing\Dispatcher.php, line 167
[main] - APP\webroot\index.php, line 117

2026-02-17 15:46:56 Debug: Notice (8): Undefined variable: cakeDescription in [D:\xampp71\htdocs\utm-data\app\View\Layouts\default.ctp, line 25]
Trace:
ErrorHandler::handleError() - CORE\Cake\Error\ErrorHandler.php, line 230
include - APP\View\Layouts\default.ctp, line 25
View::_evaluate() - CORE\Cake\View\View.php, line 971
View::_render() - CORE\Cake\View\View.php, line 933
View::renderLayout() - CORE\Cake\View\View.php, line 546
View::render() - CORE\Cake\View\View.php, line 481
Controller::render() - CORE\Cake\Controller\Controller.php, line 968
Dispatcher::_invoke() - CORE\Cake\Routing\Dispatcher.php, line 200
Dispatcher::dispatch() - CORE\Cake\Routing\Dispatcher.php, line 167
[main] - APP\webroot\index.php, line 117

2026-02-17 15:46:56 Debug: Notice (8): Undefined variable: cakeDescription in [D:\xampp71\htdocs\utm-data\app\View\Layouts\default.ctp, line 41]
Trace:
ErrorHandler::handleError() - CORE\Cake\Error\ErrorHandler.php, line 230
include - APP\View\Layouts\default.ctp, line 41
View::_evaluate() - CORE\Cake\View\View.php, line 971
View::_render() - CORE\Cake\View\View.php, line 933
View::renderLayout() - CORE\Cake\View\View.php, line 546
View::render() - CORE\Cake\View\View.php, line 481
Controller::render() - CORE\Cake\Controller\Controller.php, line 968
Dispatcher::_invoke() - CORE\Cake\Routing\Dispatcher.php, line 200
Dispatcher::dispatch() - CORE\Cake\Routing\Dispatcher.php, line 167
[main] - APP\webroot\index.php, line 117

2026-02-17 15:46:56 Debug: Notice (8): Undefined variable: cakeVersion in [D:\xampp71\htdocs\utm-data\app\View\Layouts\default.ctp, line 57]
Trace:
ErrorHandler::handleError() - CORE\Cake\Error\ErrorHandler.php, line 230
include - APP\View\Layouts\default.ctp, line 57
View::_evaluate() - CORE\Cake\View\View.php, line 971
View::_render() - CORE\Cake\View\View.php, line 933
View::renderLayout() - CORE\Cake\View\View.php, line 546
View::render() - CORE\Cake\View\View.php, line 481
Controller::render() - CORE\Cake\Controller\Controller.php, line 968
Dispatcher::_invoke() - CORE\Cake\Routing\Dispatcher.php, line 200
Dispatcher::dispatch() - CORE\Cake\Routing\Dispatcher.php, line 167
[main] - APP\webroot\index.php, line 117

2026-02-17 15:46:59 Debug: Notice (8): Undefined variable: cakeDescription in [D:\xampp71\htdocs\utm-data\app\View\Layouts\default.ctp, line 25]
Trace:
ErrorHandler::handleError() - CORE\Cake\Error\ErrorHandler.php, line 230
include - APP\View\Layouts\default.ctp, line 25
View::_evaluate() - CORE\Cake\View\View.php, line 971
View::_render() - CORE\Cake\View\View.php, line 933
View::renderLayout() - CORE\Cake\View\View.php, line 546
View::render() - CORE\Cake\View\View.php, line 481
Controller::render() - CORE\Cake\Controller\Controller.php, line 968
ExceptionRenderer::_outputMessage() - CORE\Cake\Error\ExceptionRenderer.php, line 292
ExceptionRenderer::error400() - CORE\Cake\Error\ExceptionRenderer.php, line 236
ExceptionRenderer::render() - CORE\Cake\Error\ExceptionRenderer.php, line 190
ErrorHandler::handleException() - CORE\Cake\Error\ErrorHandler.php, line 127
[main] - [internal], line ??

2026-02-17 15:46:59 Debug: Notice (8): Undefined variable: cakeDescription in [D:\xampp71\htdocs\utm-data\app\View\Layouts\default.ctp, line 41]
Trace:
ErrorHandler::handleError() - CORE\Cake\Error\ErrorHandler.php, line 230
include - APP\View\Layouts\default.ctp, line 41
View::_evaluate() - CORE\Cake\View\View.php, line 971
View::_render() - CORE\Cake\View\View.php, line 933
View::renderLayout() - CORE\Cake\View\View.php, line 546
View::render() - CORE\Cake\View\View.php, line 481
Controller::render() - CORE\Cake\Controller\Controller.php, line 968
ExceptionRenderer::_outputMessage() - CORE\Cake\Error\ExceptionRenderer.php, line 292
ExceptionRenderer::error400() - CORE\Cake\Error\ExceptionRenderer.php, line 236
ExceptionRenderer::render() - CORE\Cake\Error\ExceptionRenderer.php, line 190
ErrorHandler::handleException() - CORE\Cake\Error\ErrorHandler.php, line 127
[main] - [internal], line ??

2026-02-17 15:46:59 Debug: Notice (8): Undefined variable: cakeVersion in [D:\xampp71\htdocs\utm-data\app\View\Layouts\default.ctp, line 57]
Trace:
ErrorHandler::handleError() - CORE\Cake\Error\ErrorHandler.php, line 230
include - APP\View\Layouts\default.ctp, line 57
View::_evaluate() - CORE\Cake\View\View.php, line 971
View::_render() - CORE\Cake\View\View.php, line 933
View::renderLayout() - CORE\Cake\View\View.php, line 546
View::render() - CORE\Cake\View\View.php, line 481
Controller::render() - CORE\Cake\Controller\Controller.php, line 968
ExceptionRenderer::_outputMessage() - CORE\Cake\Error\ExceptionRenderer.php, line 292
ExceptionRenderer::error400() - CORE\Cake\Error\ExceptionRenderer.php, line 236
ExceptionRenderer::render() - CORE\Cake\Error\ExceptionRenderer.php, line 190
ErrorHandler::handleException() - CORE\Cake\Error\ErrorHandler.php, line 127
[main] - [internal], line ??

2026-02-17 15:46:59 Debug: Notice (8): Undefined variable: cakeDescription in [D:\xampp71\htdocs\utm-data\app\View\Layouts\default.ctp, line 25]
Trace:
ErrorHandler::handleError() - CORE\Cake\Error\ErrorHandler.php, line 230
include - APP\View\Layouts\default.ctp, line 25
View::_evaluate() - CORE\Cake\View\View.php, line 971
View::_render() - CORE\Cake\View\View.php, line 933
View::renderLayout() - CORE\Cake\View\View.php, line 546
View::render() - CORE\Cake\View\View.php, line 481
Controller::render() - CORE\Cake\Controller\Controller.php, line 968
ExceptionRenderer::_outputMessage() - CORE\Cake\Error\ExceptionRenderer.php, line 292
ExceptionRenderer::error400() - CORE\Cake\Error\ExceptionRenderer.php, line 236
ExceptionRenderer::render() - CORE\Cake\Error\ExceptionRenderer.php, line 190
ErrorHandler::handleException() - CORE\Cake\Error\ErrorHandler.php, line 127
[main] - [internal], line ??

2026-02-17 15:46:59 Debug: Notice (8): Undefined variable: cakeDescription in [D:\xampp71\htdocs\utm-data\app\View\Layouts\default.ctp, line 41]
Trace:
ErrorHandler::handleError() - CORE\Cake\Error\ErrorHandler.php, line 230
include - APP\View\Layouts\default.ctp, line 41
View::_evaluate() - CORE\Cake\View\View.php, line 971
View::_render() - CORE\Cake\View\View.php, line 933
View::renderLayout() - CORE\Cake\View\View.php, line 546
View::render() - CORE\Cake\View\View.php, line 481
Controller::render() - CORE\Cake\Controller\Controller.php, line 968
ExceptionRenderer::_outputMessage() - CORE\Cake\Error\ExceptionRenderer.php, line 292
ExceptionRenderer::error400() - CORE\Cake\Error\ExceptionRenderer.php, line 236
ExceptionRenderer::render() - CORE\Cake\Error\ExceptionRenderer.php, line 190
ErrorHandler::handleException() - CORE\Cake\Error\ErrorHandler.php, line 127
[main] - [internal], line ??

2026-02-17 15:46:59 Debug: Notice (8): Undefined variable: cakeVersion in [D:\xampp71\htdocs\utm-data\app\View\Layouts\default.ctp, line 57]
Trace:
ErrorHandler::handleError() - CORE\Cake\Error\ErrorHandler.php, line 230
include - APP\View\Layouts\default.ctp, line 57
View::_evaluate() - CORE\Cake\View\View.php, line 971
View::_render() - CORE\Cake\View\View.php, line 933
View::renderLayout() - CORE\Cake\View\View.php, line 546
View::render() - CORE\Cake\View\View.php, line 481
Controller::render() - CORE\Cake\Controller\Controller.php, line 968
ExceptionRenderer::_outputMessage() - CORE\Cake\Error\ExceptionRenderer.php, line 292
ExceptionRenderer::error400() - CORE\Cake\Error\ExceptionRenderer.php, line 236
ExceptionRenderer::render() - CORE\Cake\Error\ExceptionRenderer.php, line 190
ErrorHandler::handleException() - CORE\Cake\Error\ErrorHandler.php, line 127
[main] - [internal], line ??

2026-02-17 15:49:01 Debug: Notice (8): Undefined variable: cakeDescription in [D:\xampp71\htdocs\utm-data\app\View\Layouts\default.ctp, line 25]
Trace:
ErrorHandler::handleError() - CORE\Cake\Error\ErrorHandler.php, line 230
include - APP\View\Layouts\default.ctp, line 25
View::_evaluate() - CORE\Cake\View\View.php, line 971
View::_render() - CORE\Cake\View\View.php, line 933
View::renderLayout() - CORE\Cake\View\View.php, line 546
View::render() - CORE\Cake\View\View.php, line 481
Controller::render() - CORE\Cake\Controller\Controller.php, line 968
ExceptionRenderer::_outputMessage() - CORE\Cake\Error\ExceptionRenderer.php, line 292
ExceptionRenderer::error400() - CORE\Cake\Error\ExceptionRenderer.php, line 236
ExceptionRenderer::render() - CORE\Cake\Error\ExceptionRenderer.php, line 190
ErrorHandler::handleException() - CORE\Cake\Error\ErrorHandler.php, line 127
[main] - [internal], line ??

2026-02-17 15:49:01 Debug: Notice (8): Undefined variable: cakeDescription in [D:\xampp71\htdocs\utm-data\app\View\Layouts\default.ctp, line 41]
Trace:
ErrorHandler::handleError() - CORE\Cake\Error\ErrorHandler.php, line 230
include - APP\View\Layouts\default.ctp, line 41
View::_evaluate() - CORE\Cake\View\View.php, line 971
View::_render() - CORE\Cake\View\View.php, line 933
View::renderLayout() - CORE\Cake\View\View.php, line 546
View::render() - CORE\Cake\View\View.php, line 481
Controller::render() - CORE\Cake\Controller\Controller.php, line 968
ExceptionRenderer::_outputMessage() - CORE\Cake\Error\ExceptionRenderer.php, line 292
ExceptionRenderer::error400() - CORE\Cake\Error\ExceptionRenderer.php, line 236
ExceptionRenderer::render() - CORE\Cake\Error\ExceptionRenderer.php, line 190
ErrorHandler::handleException() - CORE\Cake\Error\ErrorHandler.php, line 127
[main] - [internal], line ??

2026-02-17 15:49:01 Debug: Notice (8): Undefined variable: cakeVersion in [D:\xampp71\htdocs\utm-data\app\View\Layouts\default.ctp, line 57]
Trace:
ErrorHandler::handleError() - CORE\Cake\Error\ErrorHandler.php, line 230
include - APP\View\Layouts\default.ctp, line 57
View::_evaluate() - CORE\Cake\View\View.php, line 971
View::_render() - CORE\Cake\View\View.php, line 933
View::renderLayout() - CORE\Cake\View\View.php, line 546
View::render() - CORE\Cake\View\View.php, line 481
Controller::render() - CORE\Cake\Controller\Controller.php, line 968
ExceptionRenderer::_outputMessage() - CORE\Cake\Error\ExceptionRenderer.php, line 292
ExceptionRenderer::error400() - CORE\Cake\Error\ExceptionRenderer.php, line 236
ExceptionRenderer::render() - CORE\Cake\Error\ExceptionRenderer.php, line 190
ErrorHandler::handleException() - CORE\Cake\Error\ErrorHandler.php, line 127
[main] - [internal], line ??

2026-02-17 15:49:03 Debug: Notice (8): Undefined variable: cakeDescription in [D:\xampp71\htdocs\utm-data\app\View\Layouts\default.ctp, line 25]
Trace:
ErrorHandler::handleError() - CORE\Cake\Error\ErrorHandler.php, line 230
include - APP\View\Layouts\default.ctp, line 25
View::_evaluate() - CORE\Cake\View\View.php, line 971
View::_render() - CORE\Cake\View\View.php, line 933
View::renderLayout() - CORE\Cake\View\View.php, line 546
View::render() - CORE\Cake\View\View.php, line 481
Controller::render() - CORE\Cake\Controller\Controller.php, line 968
ExceptionRenderer::_outputMessage() - CORE\Cake\Error\ExceptionRenderer.php, line 292
ExceptionRenderer::error400() - CORE\Cake\Error\ExceptionRenderer.php, line 236
ExceptionRenderer::render() - CORE\Cake\Error\ExceptionRenderer.php, line 190
ErrorHandler::handleException() - CORE\Cake\Error\ErrorHandler.php, line 127
[main] - [internal], line ??

2026-02-17 15:49:03 Debug: Notice (8): Undefined variable: cakeDescription in [D:\xampp71\htdocs\utm-data\app\View\Layouts\default.ctp, line 41]
Trace:
ErrorHandler::handleError() - CORE\Cake\Error\ErrorHandler.php, line 230
include - APP\View\Layouts\default.ctp, line 41
View::_evaluate() - CORE\Cake\View\View.php, line 971
View::_render() - CORE\Cake\View\View.php, line 933
View::renderLayout() - CORE\Cake\View\View.php, line 546
View::render() - CORE\Cake\View\View.php, line 481
Controller::render() - CORE\Cake\Controller\Controller.php, line 968
ExceptionRenderer::_outputMessage() - CORE\Cake\Error\ExceptionRenderer.php, line 292
ExceptionRenderer::error400() - CORE\Cake\Error\ExceptionRenderer.php, line 236
ExceptionRenderer::render() - CORE\Cake\Error\ExceptionRenderer.php, line 190
ErrorHandler::handleException() - CORE\Cake\Error\ErrorHandler.php, line 127
[main] - [internal], line ??

2026-02-17 15:49:03 Debug: Notice (8): Undefined variable: cakeVersion in [D:\xampp71\htdocs\utm-data\app\View\Layouts\default.ctp, line 57]
Trace:
ErrorHandler::handleError() - CORE\Cake\Error\ErrorHandler.php, line 230
include - APP\View\Layouts\default.ctp, line 57
View::_evaluate() - CORE\Cake\View\View.php, line 971
View::_render() - CORE\Cake\View\View.php, line 933
View::renderLayout() - CORE\Cake\View\View.php, line 546
View::render() - CORE\Cake\View\View.php, line 481
Controller::render() - CORE\Cake\Controller\Controller.php, line 968
ExceptionRenderer::_outputMessage() - CORE\Cake\Error\ExceptionRenderer.php, line 292
ExceptionRenderer::error400() - CORE\Cake\Error\ExceptionRenderer.php, line 236
ExceptionRenderer::render() - CORE\Cake\Error\ExceptionRenderer.php, line 190
ErrorHandler::handleException() - CORE\Cake\Error\ErrorHandler.php, line 127
[main] - [internal], line ??

2026-02-17 15:49:23 Debug: Notice (8): Undefined variable: cakeDescription in [D:\xampp71\htdocs\utm-data\app\View\Layouts\default.ctp, line 25]
Trace:
ErrorHandler::handleError() - CORE\Cake\Error\ErrorHandler.php, line 230
include - APP\View\Layouts\default.ctp, line 25
View::_evaluate() - CORE\Cake\View\View.php, line 971
View::_render() - CORE\Cake\View\View.php, line 933
View::renderLayout() - CORE\Cake\View\View.php, line 546
View::render() - CORE\Cake\View\View.php, line 481
Controller::render() - CORE\Cake\Controller\Controller.php, line 968
ExceptionRenderer::_outputMessage() - CORE\Cake\Error\ExceptionRenderer.php, line 292
ExceptionRenderer::error400() - CORE\Cake\Error\ExceptionRenderer.php, line 236
ExceptionRenderer::render() - CORE\Cake\Error\ExceptionRenderer.php, line 190
ErrorHandler::handleException() - CORE\Cake\Error\ErrorHandler.php, line 127
[main] - [internal], line ??

2026-02-17 15:49:23 Debug: Notice (8): Undefined variable: cakeDescription in [D:\xampp71\htdocs\utm-data\app\View\Layouts\default.ctp, line 41]
Trace:
ErrorHandler::handleError() - CORE\Cake\Error\ErrorHandler.php, line 230
include - APP\View\Layouts\default.ctp, line 41
View::_evaluate() - CORE\Cake\View\View.php, line 971
View::_render() - CORE\Cake\View\View.php, line 933
View::renderLayout() - CORE\Cake\View\View.php, line 546
View::render() - CORE\Cake\View\View.php, line 481
Controller::render() - CORE\Cake\Controller\Controller.php, line 968
ExceptionRenderer::_outputMessage() - CORE\Cake\Error\ExceptionRenderer.php, line 292
ExceptionRenderer::error400() - CORE\Cake\Error\ExceptionRenderer.php, line 236
ExceptionRenderer::render() - CORE\Cake\Error\ExceptionRenderer.php, line 190
ErrorHandler::handleException() - CORE\Cake\Error\ErrorHandler.php, line 127
[main] - [internal], line ??

2026-02-17 15:49:23 Debug: Notice (8): Undefined variable: cakeVersion in [D:\xampp71\htdocs\utm-data\app\View\Layouts\default.ctp, line 57]
Trace:
ErrorHandler::handleError() - CORE\Cake\Error\ErrorHandler.php, line 230
include - APP\View\Layouts\default.ctp, line 57
View::_evaluate() - CORE\Cake\View\View.php, line 971
View::_render() - CORE\Cake\View\View.php, line 933
View::renderLayout() - CORE\Cake\View\View.php, line 546
View::render() - CORE\Cake\View\View.php, line 481
Controller::render() - CORE\Cake\Controller\Controller.php, line 968
ExceptionRenderer::_outputMessage() - CORE\Cake\Error\ExceptionRenderer.php, line 292
ExceptionRenderer::error400() - CORE\Cake\Error\ExceptionRenderer.php, line 236
ExceptionRenderer::render() - CORE\Cake\Error\ExceptionRenderer.php, line 190
ErrorHandler::handleException() - CORE\Cake\Error\ErrorHandler.php, line 127
[main] - [internal], line ??

2026-02-17 16:14:39 Debug: Notice (8): Undefined variable: cakeDescription in [D:\xampp71\htdocs\cake2-test\app\View\Layouts\default.ctp, line 25]
Trace:
ErrorHandler::handleError() - D:\xampp71\htdocs\utm-data\lib\Cake\Error\ErrorHandler.php, line 230
include - APP\View\Layouts\default.ctp, line 25
View::_evaluate() - D:\xampp71\htdocs\utm-data\lib\Cake\View\View.php, line 971
View::_render() - D:\xampp71\htdocs\utm-data\lib\Cake\View\View.php, line 933
View::renderLayout() - D:\xampp71\htdocs\utm-data\lib\Cake\View\View.php, line 546
View::render() - D:\xampp71\htdocs\utm-data\lib\Cake\View\View.php, line 481
Controller::render() - D:\xampp71\htdocs\utm-data\lib\Cake\Controller\Controller.php, line 968
ExceptionRenderer::_outputMessage() - D:\xampp71\htdocs\utm-data\lib\Cake\Error\ExceptionRenderer.php, line 292
ExceptionRenderer::error400() - D:\xampp71\htdocs\utm-data\lib\Cake\Error\ExceptionRenderer.php, line 236
ExceptionRenderer::render() - D:\xampp71\htdocs\utm-data\lib\Cake\Error\ExceptionRenderer.php, line 190
ErrorHandler::handleException() - D:\xampp71\htdocs\utm-data\lib\Cake\Error\ErrorHandler.php, line 127
[main] - [internal], line ??

2026-02-17 16:14:39 Debug: Notice (8): Undefined variable: cakeDescription in [D:\xampp71\htdocs\cake2-test\app\View\Layouts\default.ctp, line 41]
Trace:
ErrorHandler::handleError() - D:\xampp71\htdocs\utm-data\lib\Cake\Error\ErrorHandler.php, line 230
include - APP\View\Layouts\default.ctp, line 41
View::_evaluate() - D:\xampp71\htdocs\utm-data\lib\Cake\View\View.php, line 971
View::_render() - D:\xampp71\htdocs\utm-data\lib\Cake\View\View.php, line 933
View::renderLayout() - D:\xampp71\htdocs\utm-data\lib\Cake\View\View.php, line 546
View::render() - D:\xampp71\htdocs\utm-data\lib\Cake\View\View.php, line 481
Controller::render() - D:\xampp71\htdocs\utm-data\lib\Cake\Controller\Controller.php, line 968
ExceptionRenderer::_outputMessage() - D:\xampp71\htdocs\utm-data\lib\Cake\Error\ExceptionRenderer.php, line 292
ExceptionRenderer::error400() - D:\xampp71\htdocs\utm-data\lib\Cake\Error\ExceptionRenderer.php, line 236
ExceptionRenderer::render() - D:\xampp71\htdocs\utm-data\lib\Cake\Error\ExceptionRenderer.php, line 190
ErrorHandler::handleException() - D:\xampp71\htdocs\utm-data\lib\Cake\Error\ErrorHandler.php, line 127
[main] - [internal], line ??

2026-02-17 16:14:39 Debug: Notice (8): Undefined variable: cakeVersion in [D:\xampp71\htdocs\cake2-test\app\View\Layouts\default.ctp, line 57]
Trace:
ErrorHandler::handleError() - D:\xampp71\htdocs\utm-data\lib\Cake\Error\ErrorHandler.php, line 230
include - APP\View\Layouts\default.ctp, line 57
View::_evaluate() - D:\xampp71\htdocs\utm-data\lib\Cake\View\View.php, line 971
View::_render() - D:\xampp71\htdocs\utm-data\lib\Cake\View\View.php, line 933
View::renderLayout() - D:\xampp71\htdocs\utm-data\lib\Cake\View\View.php, line 546
View::render() - D:\xampp71\htdocs\utm-data\lib\Cake\View\View.php, line 481
Controller::render() - D:\xampp71\htdocs\utm-data\lib\Cake\Controller\Controller.php, line 968
ExceptionRenderer::_outputMessage() - D:\xampp71\htdocs\utm-data\lib\Cake\Error\ExceptionRenderer.php, line 292
ExceptionRenderer::error400() - D:\xampp71\htdocs\utm-data\lib\Cake\Error\ExceptionRenderer.php, line 236
ExceptionRenderer::render() - D:\xampp71\htdocs\utm-data\lib\Cake\Error\ExceptionRenderer.php, line 190
ErrorHandler::handleException() - D:\xampp71\htdocs\utm-data\lib\Cake\Error\ErrorHandler.php, line 127
[main] - [internal], line ??

2026-02-17 16:14:49 Debug: Notice (8): Undefined variable: cakeDescription in [D:\xampp71\htdocs\cake2-test\app\View\Layouts\default.ctp, line 25]
Trace:
ErrorHandler::handleError() - D:\xampp71\htdocs\utm-data\lib\Cake\Error\ErrorHandler.php, line 230
include - APP\View\Layouts\default.ctp, line 25
View::_evaluate() - D:\xampp71\htdocs\utm-data\lib\Cake\View\View.php, line 971
View::_render() - D:\xampp71\htdocs\utm-data\lib\Cake\View\View.php, line 933
View::renderLayout() - D:\xampp71\htdocs\utm-data\lib\Cake\View\View.php, line 546
View::render() - D:\xampp71\htdocs\utm-data\lib\Cake\View\View.php, line 481
Controller::render() - D:\xampp71\htdocs\utm-data\lib\Cake\Controller\Controller.php, line 968
ExceptionRenderer::_outputMessage() - D:\xampp71\htdocs\utm-data\lib\Cake\Error\ExceptionRenderer.php, line 292
ExceptionRenderer::error400() - D:\xampp71\htdocs\utm-data\lib\Cake\Error\ExceptionRenderer.php, line 236
ExceptionRenderer::render() - D:\xampp71\htdocs\utm-data\lib\Cake\Error\ExceptionRenderer.php, line 190
ErrorHandler::handleException() - D:\xampp71\htdocs\utm-data\lib\Cake\Error\ErrorHandler.php, line 127
[main] - [internal], line ??

2026-02-17 16:14:49 Debug: Notice (8): Undefined variable: cakeDescription in [D:\xampp71\htdocs\cake2-test\app\View\Layouts\default.ctp, line 41]
Trace:
ErrorHandler::handleError() - D:\xampp71\htdocs\utm-data\lib\Cake\Error\ErrorHandler.php, line 230
include - APP\View\Layouts\default.ctp, line 41
View::_evaluate() - D:\xampp71\htdocs\utm-data\lib\Cake\View\View.php, line 971
View::_render() - D:\xampp71\htdocs\utm-data\lib\Cake\View\View.php, line 933
View::renderLayout() - D:\xampp71\htdocs\utm-data\lib\Cake\View\View.php, line 546
View::render() - D:\xampp71\htdocs\utm-data\lib\Cake\View\View.php, line 481
Controller::render() - D:\xampp71\htdocs\utm-data\lib\Cake\Controller\Controller.php, line 968
ExceptionRenderer::_outputMessage() - D:\xampp71\htdocs\utm-data\lib\Cake\Error\ExceptionRenderer.php, line 292
ExceptionRenderer::error400() - D:\xampp71\htdocs\utm-data\lib\Cake\Error\ExceptionRenderer.php, line 236
ExceptionRenderer::render() - D:\xampp71\htdocs\utm-data\lib\Cake\Error\ExceptionRenderer.php, line 190
ErrorHandler::handleException() - D:\xampp71\htdocs\utm-data\lib\Cake\Error\ErrorHandler.php, line 127
[main] - [internal], line ??

2026-02-17 16:14:49 Debug: Notice (8): Undefined variable: cakeVersion in [D:\xampp71\htdocs\cake2-test\app\View\Layouts\default.ctp, line 57]
Trace:
ErrorHandler::handleError() - D:\xampp71\htdocs\utm-data\lib\Cake\Error\ErrorHandler.php, line 230
include - APP\View\Layouts\default.ctp, line 57
View::_evaluate() - D:\xampp71\htdocs\utm-data\lib\Cake\View\View.php, line 971
View::_render() - D:\xampp71\htdocs\utm-data\lib\Cake\View\View.php, line 933
View::renderLayout() - D:\xampp71\htdocs\utm-data\lib\Cake\View\View.php, line 546
View::render() - D:\xampp71\htdocs\utm-data\lib\Cake\View\View.php, line 481
Controller::render() - D:\xampp71\htdocs\utm-data\lib\Cake\Controller\Controller.php, line 968
ExceptionRenderer::_outputMessage() - D:\xampp71\htdocs\utm-data\lib\Cake\Error\ExceptionRenderer.php, line 292
ExceptionRenderer::error400() - D:\xampp71\htdocs\utm-data\lib\Cake\Error\ExceptionRenderer.php, line 236
ExceptionRenderer::render() - D:\xampp71\htdocs\utm-data\lib\Cake\Error\ExceptionRenderer.php, line 190
ErrorHandler::handleException() - D:\xampp71\htdocs\utm-data\lib\Cake\Error\ErrorHandler.php, line 127
[main] - [internal], line ??

2026-02-17 16:14:59 Debug: Notice (8): Undefined variable: cakeDescription in [D:\xampp71\htdocs\cake2-test\app\View\Layouts\default.ctp, line 25]
Trace:
ErrorHandler::handleError() - D:\xampp71\htdocs\utm-data\lib\Cake\Error\ErrorHandler.php, line 230
include - APP\View\Layouts\default.ctp, line 25
View::_evaluate() - D:\xampp71\htdocs\utm-data\lib\Cake\View\View.php, line 971
View::_render() - D:\xampp71\htdocs\utm-data\lib\Cake\View\View.php, line 933
View::renderLayout() - D:\xampp71\htdocs\utm-data\lib\Cake\View\View.php, line 546
View::render() - D:\xampp71\htdocs\utm-data\lib\Cake\View\View.php, line 481
Controller::render() - D:\xampp71\htdocs\utm-data\lib\Cake\Controller\Controller.php, line 968
ExceptionRenderer::_outputMessage() - D:\xampp71\htdocs\utm-data\lib\Cake\Error\ExceptionRenderer.php, line 292
ExceptionRenderer::error400() - D:\xampp71\htdocs\utm-data\lib\Cake\Error\ExceptionRenderer.php, line 236
ExceptionRenderer::render() - D:\xampp71\htdocs\utm-data\lib\Cake\Error\ExceptionRenderer.php, line 190
ErrorHandler::handleException() - D:\xampp71\htdocs\utm-data\lib\Cake\Error\ErrorHandler.php, line 127
[main] - [internal], line ??

2026-02-17 16:14:59 Debug: Notice (8): Undefined variable: cakeDescription in [D:\xampp71\htdocs\cake2-test\app\View\Layouts\default.ctp, line 41]
Trace:
ErrorHandler::handleError() - D:\xampp71\htdocs\utm-data\lib\Cake\Error\ErrorHandler.php, line 230
include - APP\View\Layouts\default.ctp, line 41
View::_evaluate() - D:\xampp71\htdocs\utm-data\lib\Cake\View\View.php, line 971
View::_render() - D:\xampp71\htdocs\utm-data\lib\Cake\View\View.php, line 933
View::renderLayout() - D:\xampp71\htdocs\utm-data\lib\Cake\View\View.php, line 546
View::render() - D:\xampp71\htdocs\utm-data\lib\Cake\View\View.php, line 481
Controller::render() - D:\xampp71\htdocs\utm-data\lib\Cake\Controller\Controller.php, line 968
ExceptionRenderer::_outputMessage() - D:\xampp71\htdocs\utm-data\lib\Cake\Error\ExceptionRenderer.php, line 292
ExceptionRenderer::error400() - D:\xampp71\htdocs\utm-data\lib\Cake\Error\ExceptionRenderer.php, line 236
ExceptionRenderer::render() - D:\xampp71\htdocs\utm-data\lib\Cake\Error\ExceptionRenderer.php, line 190
ErrorHandler::handleException() - D:\xampp71\htdocs\utm-data\lib\Cake\Error\ErrorHandler.php, line 127
[main] - [internal], line ??

2026-02-17 16:14:59 Debug: Notice (8): Undefined variable: cakeVersion in [D:\xampp71\htdocs\cake2-test\app\View\Layouts\default.ctp, line 57]
Trace:
ErrorHandler::handleError() - D:\xampp71\htdocs\utm-data\lib\Cake\Error\ErrorHandler.php, line 230
include - APP\View\Layouts\default.ctp, line 57
View::_evaluate() - D:\xampp71\htdocs\utm-data\lib\Cake\View\View.php, line 971
View::_render() - D:\xampp71\htdocs\utm-data\lib\Cake\View\View.php, line 933
View::renderLayout() - D:\xampp71\htdocs\utm-data\lib\Cake\View\View.php, line 546
View::render() - D:\xampp71\htdocs\utm-data\lib\Cake\View\View.php, line 481
Controller::render() - D:\xampp71\htdocs\utm-data\lib\Cake\Controller\Controller.php, line 968
ExceptionRenderer::_outputMessage() - D:\xampp71\htdocs\utm-data\lib\Cake\Error\ExceptionRenderer.php, line 292
ExceptionRenderer::error400() - D:\xampp71\htdocs\utm-data\lib\Cake\Error\ExceptionRenderer.php, line 236
ExceptionRenderer::render() - D:\xampp71\htdocs\utm-data\lib\Cake\Error\ExceptionRenderer.php, line 190
ErrorHandler::handleException() - D:\xampp71\htdocs\utm-data\lib\Cake\Error\ErrorHandler.php, line 127
[main] - [internal], line ??

2026-02-17 16:15:02 Debug: Notice (8): Undefined variable: cakeDescription in [D:\xampp71\htdocs\cake2-test\app\View\Layouts\default.ctp, line 25]
Trace:
ErrorHandler::handleError() - D:\xampp71\htdocs\utm-data\lib\Cake\Error\ErrorHandler.php, line 230
include - APP\View\Layouts\default.ctp, line 25
View::_evaluate() - D:\xampp71\htdocs\utm-data\lib\Cake\View\View.php, line 971
View::_render() - D:\xampp71\htdocs\utm-data\lib\Cake\View\View.php, line 933
View::renderLayout() - D:\xampp71\htdocs\utm-data\lib\Cake\View\View.php, line 546
View::render() - D:\xampp71\htdocs\utm-data\lib\Cake\View\View.php, line 481
Controller::render() - D:\xampp71\htdocs\utm-data\lib\Cake\Controller\Controller.php, line 968
ExceptionRenderer::_outputMessage() - D:\xampp71\htdocs\utm-data\lib\Cake\Error\ExceptionRenderer.php, line 292
ExceptionRenderer::error400() - D:\xampp71\htdocs\utm-data\lib\Cake\Error\ExceptionRenderer.php, line 236
ExceptionRenderer::render() - D:\xampp71\htdocs\utm-data\lib\Cake\Error\ExceptionRenderer.php, line 190
ErrorHandler::handleException() - D:\xampp71\htdocs\utm-data\lib\Cake\Error\ErrorHandler.php, line 127
[main] - [internal], line ??

2026-02-17 16:15:02 Debug: Notice (8): Undefined variable: cakeDescription in [D:\xampp71\htdocs\cake2-test\app\View\Layouts\default.ctp, line 41]
Trace:
ErrorHandler::handleError() - D:\xampp71\htdocs\utm-data\lib\Cake\Error\ErrorHandler.php, line 230
include - APP\View\Layouts\default.ctp, line 41
View::_evaluate() - D:\xampp71\htdocs\utm-data\lib\Cake\View\View.php, line 971
View::_render() - D:\xampp71\htdocs\utm-data\lib\Cake\View\View.php, line 933
View::renderLayout() - D:\xampp71\htdocs\utm-data\lib\Cake\View\View.php, line 546
View::render() - D:\xampp71\htdocs\utm-data\lib\Cake\View\View.php, line 481
Controller::render() - D:\xampp71\htdocs\utm-data\lib\Cake\Controller\Controller.php, line 968
ExceptionRenderer::_outputMessage() - D:\xampp71\htdocs\utm-data\lib\Cake\Error\ExceptionRenderer.php, line 292
ExceptionRenderer::error400() - D:\xampp71\htdocs\utm-data\lib\Cake\Error\ExceptionRenderer.php, line 236
ExceptionRenderer::render() - D:\xampp71\htdocs\utm-data\lib\Cake\Error\ExceptionRenderer.php, line 190
ErrorHandler::handleException() - D:\xampp71\htdocs\utm-data\lib\Cake\Error\ErrorHandler.php, line 127
[main] - [internal], line ??

2026-02-17 16:15:02 Debug: Notice (8): Undefined variable: cakeVersion in [D:\xampp71\htdocs\cake2-test\app\View\Layouts\default.ctp, line 57]
Trace:
ErrorHandler::handleError() - D:\xampp71\htdocs\utm-data\lib\Cake\Error\ErrorHandler.php, line 230
include - APP\View\Layouts\default.ctp, line 57
View::_evaluate() - D:\xampp71\htdocs\utm-data\lib\Cake\View\View.php, line 971
View::_render() - D:\xampp71\htdocs\utm-data\lib\Cake\View\View.php, line 933
View::renderLayout() - D:\xampp71\htdocs\utm-data\lib\Cake\View\View.php, line 546
View::render() - D:\xampp71\htdocs\utm-data\lib\Cake\View\View.php, line 481
Controller::render() - D:\xampp71\htdocs\utm-data\lib\Cake\Controller\Controller.php, line 968
ExceptionRenderer::_outputMessage() - D:\xampp71\htdocs\utm-data\lib\Cake\Error\ExceptionRenderer.php, line 292
ExceptionRenderer::error400() - D:\xampp71\htdocs\utm-data\lib\Cake\Error\ExceptionRenderer.php, line 236
ExceptionRenderer::render() - D:\xampp71\htdocs\utm-data\lib\Cake\Error\ExceptionRenderer.php, line 190
ErrorHandler::handleException() - D:\xampp71\htdocs\utm-data\lib\Cake\Error\ErrorHandler.php, line 127
[main] - [internal], line ??

2026-02-17 16:15:07 Debug: Notice (8): Undefined variable: cakeDescription in [D:\xampp71\htdocs\cake2-test\app\View\Layouts\default.ctp, line 25]
Trace:
ErrorHandler::handleError() - D:\xampp71\htdocs\utm-data\lib\Cake\Error\ErrorHandler.php, line 230
include - APP\View\Layouts\default.ctp, line 25
View::_evaluate() - D:\xampp71\htdocs\utm-data\lib\Cake\View\View.php, line 971
View::_render() - D:\xampp71\htdocs\utm-data\lib\Cake\View\View.php, line 933
View::renderLayout() - D:\xampp71\htdocs\utm-data\lib\Cake\View\View.php, line 546
View::render() - D:\xampp71\htdocs\utm-data\lib\Cake\View\View.php, line 481
Controller::render() - D:\xampp71\htdocs\utm-data\lib\Cake\Controller\Controller.php, line 968
ExceptionRenderer::_outputMessage() - D:\xampp71\htdocs\utm-data\lib\Cake\Error\ExceptionRenderer.php, line 292
ExceptionRenderer::error400() - D:\xampp71\htdocs\utm-data\lib\Cake\Error\ExceptionRenderer.php, line 236
ExceptionRenderer::render() - D:\xampp71\htdocs\utm-data\lib\Cake\Error\ExceptionRenderer.php, line 190
ErrorHandler::handleException() - D:\xampp71\htdocs\utm-data\lib\Cake\Error\ErrorHandler.php, line 127
[main] - [internal], line ??

2026-02-17 16:15:07 Debug: Notice (8): Undefined variable: cakeDescription in [D:\xampp71\htdocs\cake2-test\app\View\Layouts\default.ctp, line 41]
Trace:
ErrorHandler::handleError() - D:\xampp71\htdocs\utm-data\lib\Cake\Error\ErrorHandler.php, line 230
include - APP\View\Layouts\default.ctp, line 41
View::_evaluate() - D:\xampp71\htdocs\utm-data\lib\Cake\View\View.php, line 971
View::_render() - D:\xampp71\htdocs\utm-data\lib\Cake\View\View.php, line 933
View::renderLayout() - D:\xampp71\htdocs\utm-data\lib\Cake\View\View.php, line 546
View::render() - D:\xampp71\htdocs\utm-data\lib\Cake\View\View.php, line 481
Controller::render() - D:\xampp71\htdocs\utm-data\lib\Cake\Controller\Controller.php, line 968
ExceptionRenderer::_outputMessage() - D:\xampp71\htdocs\utm-data\lib\Cake\Error\ExceptionRenderer.php, line 292
ExceptionRenderer::error400() - D:\xampp71\htdocs\utm-data\lib\Cake\Error\ExceptionRenderer.php, line 236
ExceptionRenderer::render() - D:\xampp71\htdocs\utm-data\lib\Cake\Error\ExceptionRenderer.php, line 190
ErrorHandler::handleException() - D:\xampp71\htdocs\utm-data\lib\Cake\Error\ErrorHandler.php, line 127
[main] - [internal], line ??

2026-02-17 16:15:07 Debug: Notice (8): Undefined variable: cakeVersion in [D:\xampp71\htdocs\cake2-test\app\View\Layouts\default.ctp, line 57]
Trace:
ErrorHandler::handleError() - D:\xampp71\htdocs\utm-data\lib\Cake\Error\ErrorHandler.php, line 230
include - APP\View\Layouts\default.ctp, line 57
View::_evaluate() - D:\xampp71\htdocs\utm-data\lib\Cake\View\View.php, line 971
View::_render() - D:\xampp71\htdocs\utm-data\lib\Cake\View\View.php, line 933
View::renderLayout() - D:\xampp71\htdocs\utm-data\lib\Cake\View\View.php, line 546
View::render() - D:\xampp71\htdocs\utm-data\lib\Cake\View\View.php, line 481
Controller::render() - D:\xampp71\htdocs\utm-data\lib\Cake\Controller\Controller.php, line 968
ExceptionRenderer::_outputMessage() - D:\xampp71\htdocs\utm-data\lib\Cake\Error\ExceptionRenderer.php, line 292
ExceptionRenderer::error400() - D:\xampp71\htdocs\utm-data\lib\Cake\Error\ExceptionRenderer.php, line 236
ExceptionRenderer::render() - D:\xampp71\htdocs\utm-data\lib\Cake\Error\ExceptionRenderer.php, line 190
ErrorHandler::handleException() - D:\xampp71\htdocs\utm-data\lib\Cake\Error\ErrorHandler.php, line 127
[main] - [internal], line ??

2026-02-17 16:15:28 Debug: Notice (8): Undefined variable: cakeDescription in [D:\xampp71\htdocs\cake2-test\app\View\Layouts\default.ctp, line 25]
Trace:
ErrorHandler::handleError() - D:\xampp71\htdocs\utm-data\lib\Cake\Error\ErrorHandler.php, line 230
include - APP\View\Layouts\default.ctp, line 25
View::_evaluate() - D:\xampp71\htdocs\utm-data\lib\Cake\View\View.php, line 971
View::_render() - D:\xampp71\htdocs\utm-data\lib\Cake\View\View.php, line 933
View::renderLayout() - D:\xampp71\htdocs\utm-data\lib\Cake\View\View.php, line 546
View::render() - D:\xampp71\htdocs\utm-data\lib\Cake\View\View.php, line 481
Controller::render() - D:\xampp71\htdocs\utm-data\lib\Cake\Controller\Controller.php, line 968
Dispatcher::_invoke() - D:\xampp71\htdocs\utm-data\lib\Cake\Routing\Dispatcher.php, line 200
Dispatcher::dispatch() - D:\xampp71\htdocs\utm-data\lib\Cake\Routing\Dispatcher.php, line 167
[main] - APP\webroot\index.php, line 117

2026-02-17 16:15:28 Debug: Notice (8): Undefined variable: cakeDescription in [D:\xampp71\htdocs\cake2-test\app\View\Layouts\default.ctp, line 41]
Trace:
ErrorHandler::handleError() - D:\xampp71\htdocs\utm-data\lib\Cake\Error\ErrorHandler.php, line 230
include - APP\View\Layouts\default.ctp, line 41
View::_evaluate() - D:\xampp71\htdocs\utm-data\lib\Cake\View\View.php, line 971
View::_render() - D:\xampp71\htdocs\utm-data\lib\Cake\View\View.php, line 933
View::renderLayout() - D:\xampp71\htdocs\utm-data\lib\Cake\View\View.php, line 546
View::render() - D:\xampp71\htdocs\utm-data\lib\Cake\View\View.php, line 481
Controller::render() - D:\xampp71\htdocs\utm-data\lib\Cake\Controller\Controller.php, line 968
Dispatcher::_invoke() - D:\xampp71\htdocs\utm-data\lib\Cake\Routing\Dispatcher.php, line 200
Dispatcher::dispatch() - D:\xampp71\htdocs\utm-data\lib\Cake\Routing\Dispatcher.php, line 167
[main] - APP\webroot\index.php, line 117

2026-02-17 16:15:28 Debug: Notice (8): Undefined variable: cakeVersion in [D:\xampp71\htdocs\cake2-test\app\View\Layouts\default.ctp, line 57]
Trace:
ErrorHandler::handleError() - D:\xampp71\htdocs\utm-data\lib\Cake\Error\ErrorHandler.php, line 230
include - APP\View\Layouts\default.ctp, line 57
View::_evaluate() - D:\xampp71\htdocs\utm-data\lib\Cake\View\View.php, line 971
View::_render() - D:\xampp71\htdocs\utm-data\lib\Cake\View\View.php, line 933
View::renderLayout() - D:\xampp71\htdocs\utm-data\lib\Cake\View\View.php, line 546
View::render() - D:\xampp71\htdocs\utm-data\lib\Cake\View\View.php, line 481
Controller::render() - D:\xampp71\htdocs\utm-data\lib\Cake\Controller\Controller.php, line 968
Dispatcher::_invoke() - D:\xampp71\htdocs\utm-data\lib\Cake\Routing\Dispatcher.php, line 200
Dispatcher::dispatch() - D:\xampp71\htdocs\utm-data\lib\Cake\Routing\Dispatcher.php, line 167
[main] - APP\webroot\index.php, line 117

2026-02-17 16:16:20 Debug: Notice (8): Undefined variable: cakeDescription in [D:\xampp71\htdocs\cake2-test\app\View\Layouts\default.ctp, line 25]
Trace:
ErrorHandler::handleError() - D:\xampp71\htdocs\utm-data\lib\Cake\Error\ErrorHandler.php, line 230
include - APP\View\Layouts\default.ctp, line 25
View::_evaluate() - D:\xampp71\htdocs\utm-data\lib\Cake\View\View.php, line 971
View::_render() - D:\xampp71\htdocs\utm-data\lib\Cake\View\View.php, line 933
View::renderLayout() - D:\xampp71\htdocs\utm-data\lib\Cake\View\View.php, line 546
View::render() - D:\xampp71\htdocs\utm-data\lib\Cake\View\View.php, line 481
Controller::render() - D:\xampp71\htdocs\utm-data\lib\Cake\Controller\Controller.php, line 968
Dispatcher::_invoke() - D:\xampp71\htdocs\utm-data\lib\Cake\Routing\Dispatcher.php, line 200
Dispatcher::dispatch() - D:\xampp71\htdocs\utm-data\lib\Cake\Routing\Dispatcher.php, line 167
[main] - APP\webroot\index.php, line 117

2026-02-17 16:16:20 Debug: Notice (8): Undefined variable: cakeDescription in [D:\xampp71\htdocs\cake2-test\app\View\Layouts\default.ctp, line 41]
Trace:
ErrorHandler::handleError() - D:\xampp71\htdocs\utm-data\lib\Cake\Error\ErrorHandler.php, line 230
include - APP\View\Layouts\default.ctp, line 41
View::_evaluate() - D:\xampp71\htdocs\utm-data\lib\Cake\View\View.php, line 971
View::_render() - D:\xampp71\htdocs\utm-data\lib\Cake\View\View.php, line 933
View::renderLayout() - D:\xampp71\htdocs\utm-data\lib\Cake\View\View.php, line 546
View::render() - D:\xampp71\htdocs\utm-data\lib\Cake\View\View.php, line 481
Controller::render() - D:\xampp71\htdocs\utm-data\lib\Cake\Controller\Controller.php, line 968
Dispatcher::_invoke() - D:\xampp71\htdocs\utm-data\lib\Cake\Routing\Dispatcher.php, line 200
Dispatcher::dispatch() - D:\xampp71\htdocs\utm-data\lib\Cake\Routing\Dispatcher.php, line 167
[main] - APP\webroot\index.php, line 117

2026-02-17 16:16:20 Debug: Notice (8): Undefined variable: cakeVersion in [D:\xampp71\htdocs\cake2-test\app\View\Layouts\default.ctp, line 57]
Trace:
ErrorHandler::handleError() - D:\xampp71\htdocs\utm-data\lib\Cake\Error\ErrorHandler.php, line 230
include - APP\View\Layouts\default.ctp, line 57
View::_evaluate() - D:\xampp71\htdocs\utm-data\lib\Cake\View\View.php, line 971
View::_render() - D:\xampp71\htdocs\utm-data\lib\Cake\View\View.php, line 933
View::renderLayout() - D:\xampp71\htdocs\utm-data\lib\Cake\View\View.php, line 546
View::render() - D:\xampp71\htdocs\utm-data\lib\Cake\View\View.php, line 481
Controller::render() - D:\xampp71\htdocs\utm-data\lib\Cake\Controller\Controller.php, line 968
Dispatcher::_invoke() - D:\xampp71\htdocs\utm-data\lib\Cake\Routing\Dispatcher.php, line 200
Dispatcher::dispatch() - D:\xampp71\htdocs\utm-data\lib\Cake\Routing\Dispatcher.php, line 167
[main] - APP\webroot\index.php, line 117

2026-02-17 16:16:30 Debug: Notice (8): Undefined variable: cakeDescription in [D:\xampp71\htdocs\cake2-test\app\View\Layouts\default.ctp, line 25]
Trace:
ErrorHandler::handleError() - D:\xampp71\htdocs\utm-data\lib\Cake\Error\ErrorHandler.php, line 230
include - APP\View\Layouts\default.ctp, line 25
View::_evaluate() - D:\xampp71\htdocs\utm-data\lib\Cake\View\View.php, line 971
View::_render() - D:\xampp71\htdocs\utm-data\lib\Cake\View\View.php, line 933
View::renderLayout() - D:\xampp71\htdocs\utm-data\lib\Cake\View\View.php, line 546
View::render() - D:\xampp71\htdocs\utm-data\lib\Cake\View\View.php, line 481
Controller::render() - D:\xampp71\htdocs\utm-data\lib\Cake\Controller\Controller.php, line 968
Dispatcher::_invoke() - D:\xampp71\htdocs\utm-data\lib\Cake\Routing\Dispatcher.php, line 200
Dispatcher::dispatch() - D:\xampp71\htdocs\utm-data\lib\Cake\Routing\Dispatcher.php, line 167
[main] - APP\webroot\index.php, line 117

2026-02-17 16:16:30 Debug: Notice (8): Undefined variable: cakeDescription in [D:\xampp71\htdocs\cake2-test\app\View\Layouts\default.ctp, line 41]
Trace:
ErrorHandler::handleError() - D:\xampp71\htdocs\utm-data\lib\Cake\Error\ErrorHandler.php, line 230
include - APP\View\Layouts\default.ctp, line 41
View::_evaluate() - D:\xampp71\htdocs\utm-data\lib\Cake\View\View.php, line 971
View::_render() - D:\xampp71\htdocs\utm-data\lib\Cake\View\View.php, line 933
View::renderLayout() - D:\xampp71\htdocs\utm-data\lib\Cake\View\View.php, line 546
View::render() - D:\xampp71\htdocs\utm-data\lib\Cake\View\View.php, line 481
Controller::render() - D:\xampp71\htdocs\utm-data\lib\Cake\Controller\Controller.php, line 968
Dispatcher::_invoke() - D:\xampp71\htdocs\utm-data\lib\Cake\Routing\Dispatcher.php, line 200
Dispatcher::dispatch() - D:\xampp71\htdocs\utm-data\lib\Cake\Routing\Dispatcher.php, line 167
[main] - APP\webroot\index.php, line 117

2026-02-17 16:16:30 Debug: Notice (8): Undefined variable: cakeVersion in [D:\xampp71\htdocs\cake2-test\app\View\Layouts\default.ctp, line 57]
Trace:
ErrorHandler::handleError() - D:\xampp71\htdocs\utm-data\lib\Cake\Error\ErrorHandler.php, line 230
include - APP\View\Layouts\default.ctp, line 57
View::_evaluate() - D:\xampp71\htdocs\utm-data\lib\Cake\View\View.php, line 971
View::_render() - D:\xampp71\htdocs\utm-data\lib\Cake\View\View.php, line 933
View::renderLayout() - D:\xampp71\htdocs\utm-data\lib\Cake\View\View.php, line 546
View::render() - D:\xampp71\htdocs\utm-data\lib\Cake\View\View.php, line 481
Controller::render() - D:\xampp71\htdocs\utm-data\lib\Cake\Controller\Controller.php, line 968
Dispatcher::_invoke() - D:\xampp71\htdocs\utm-data\lib\Cake\Routing\Dispatcher.php, line 200
Dispatcher::dispatch() - D:\xampp71\htdocs\utm-data\lib\Cake\Routing\Dispatcher.php, line 167
[main] - APP\webroot\index.php, line 117

2026-02-17 16:17:25 Debug: Notice (8): Undefined variable: cakeDescription in [D:\xampp71\htdocs\cake2-test\app\View\Layouts\default.ctp, line 25]
Trace:
ErrorHandler::handleError() - D:\xampp71\htdocs\utm-data\lib\Cake\Error\ErrorHandler.php, line 230
include - APP\View\Layouts\default.ctp, line 25
View::_evaluate() - D:\xampp71\htdocs\utm-data\lib\Cake\View\View.php, line 971
View::_render() - D:\xampp71\htdocs\utm-data\lib\Cake\View\View.php, line 933
View::renderLayout() - D:\xampp71\htdocs\utm-data\lib\Cake\View\View.php, line 546
View::render() - D:\xampp71\htdocs\utm-data\lib\Cake\View\View.php, line 481
Controller::render() - D:\xampp71\htdocs\utm-data\lib\Cake\Controller\Controller.php, line 968
Dispatcher::_invoke() - D:\xampp71\htdocs\utm-data\lib\Cake\Routing\Dispatcher.php, line 200
Dispatcher::dispatch() - D:\xampp71\htdocs\utm-data\lib\Cake\Routing\Dispatcher.php, line 167
[main] - APP\webroot\index.php, line 117

2026-02-17 16:17:25 Debug: Notice (8): Undefined variable: cakeDescription in [D:\xampp71\htdocs\cake2-test\app\View\Layouts\default.ctp, line 42]
Trace:
ErrorHandler::handleError() - D:\xampp71\htdocs\utm-data\lib\Cake\Error\ErrorHandler.php, line 230
include - APP\View\Layouts\default.ctp, line 42
View::_evaluate() - D:\xampp71\htdocs\utm-data\lib\Cake\View\View.php, line 971
View::_render() - D:\xampp71\htdocs\utm-data\lib\Cake\View\View.php, line 933
View::renderLayout() - D:\xampp71\htdocs\utm-data\lib\Cake\View\View.php, line 546
View::render() - D:\xampp71\htdocs\utm-data\lib\Cake\View\View.php, line 481
Controller::render() - D:\xampp71\htdocs\utm-data\lib\Cake\Controller\Controller.php, line 968
Dispatcher::_invoke() - D:\xampp71\htdocs\utm-data\lib\Cake\Routing\Dispatcher.php, line 200
Dispatcher::dispatch() - D:\xampp71\htdocs\utm-data\lib\Cake\Routing\Dispatcher.php, line 167
[main] - APP\webroot\index.php, line 117

2026-02-17 16:17:25 Debug: Notice (8): Undefined variable: cakeVersion in [D:\xampp71\htdocs\cake2-test\app\View\Layouts\default.ctp, line 58]
Trace:
ErrorHandler::handleError() - D:\xampp71\htdocs\utm-data\lib\Cake\Error\ErrorHandler.php, line 230
include - APP\View\Layouts\default.ctp, line 58
View::_evaluate() - D:\xampp71\htdocs\utm-data\lib\Cake\View\View.php, line 971
View::_render() - D:\xampp71\htdocs\utm-data\lib\Cake\View\View.php, line 933
View::renderLayout() - D:\xampp71\htdocs\utm-data\lib\Cake\View\View.php, line 546
View::render() - D:\xampp71\htdocs\utm-data\lib\Cake\View\View.php, line 481
Controller::render() - D:\xampp71\htdocs\utm-data\lib\Cake\Controller\Controller.php, line 968
Dispatcher::_invoke() - D:\xampp71\htdocs\utm-data\lib\Cake\Routing\Dispatcher.php, line 200
Dispatcher::dispatch() - D:\xampp71\htdocs\utm-data\lib\Cake\Routing\Dispatcher.php, line 167
[main] - APP\webroot\index.php, line 117

2026-02-17 16:17:41 Debug: Notice (8): Undefined variable: cakeDescription in [D:\xampp71\htdocs\cake2-test\app\View\Layouts\default.ctp, line 25]
Trace:
ErrorHandler::handleError() - D:\xampp71\htdocs\utm-data\lib\Cake\Error\ErrorHandler.php, line 230
include - APP\View\Layouts\default.ctp, line 25
View::_evaluate() - D:\xampp71\htdocs\utm-data\lib\Cake\View\View.php, line 971
View::_render() - D:\xampp71\htdocs\utm-data\lib\Cake\View\View.php, line 933
View::renderLayout() - D:\xampp71\htdocs\utm-data\lib\Cake\View\View.php, line 546
View::render() - D:\xampp71\htdocs\utm-data\lib\Cake\View\View.php, line 481
Controller::render() - D:\xampp71\htdocs\utm-data\lib\Cake\Controller\Controller.php, line 968
Dispatcher::_invoke() - D:\xampp71\htdocs\utm-data\lib\Cake\Routing\Dispatcher.php, line 200
Dispatcher::dispatch() - D:\xampp71\htdocs\utm-data\lib\Cake\Routing\Dispatcher.php, line 167
[main] - APP\webroot\index.php, line 117

2026-02-17 16:17:41 Debug: Notice (8): Undefined variable: cakeDescription in [D:\xampp71\htdocs\cake2-test\app\View\Layouts\default.ctp, line 42]
Trace:
ErrorHandler::handleError() - D:\xampp71\htdocs\utm-data\lib\Cake\Error\ErrorHandler.php, line 230
include - APP\View\Layouts\default.ctp, line 42
View::_evaluate() - D:\xampp71\htdocs\utm-data\lib\Cake\View\View.php, line 971
View::_render() - D:\xampp71\htdocs\utm-data\lib\Cake\View\View.php, line 933
View::renderLayout() - D:\xampp71\htdocs\utm-data\lib\Cake\View\View.php, line 546
View::render() - D:\xampp71\htdocs\utm-data\lib\Cake\View\View.php, line 481
Controller::render() - D:\xampp71\htdocs\utm-data\lib\Cake\Controller\Controller.php, line 968
Dispatcher::_invoke() - D:\xampp71\htdocs\utm-data\lib\Cake\Routing\Dispatcher.php, line 200
Dispatcher::dispatch() - D:\xampp71\htdocs\utm-data\lib\Cake\Routing\Dispatcher.php, line 167
[main] - APP\webroot\index.php, line 117

2026-02-17 16:17:41 Debug: Notice (8): Undefined variable: cakeVersion in [D:\xampp71\htdocs\cake2-test\app\View\Layouts\default.ctp, line 58]
Trace:
ErrorHandler::handleError() - D:\xampp71\htdocs\utm-data\lib\Cake\Error\ErrorHandler.php, line 230
include - APP\View\Layouts\default.ctp, line 58
View::_evaluate() - D:\xampp71\htdocs\utm-data\lib\Cake\View\View.php, line 971
View::_render() - D:\xampp71\htdocs\utm-data\lib\Cake\View\View.php, line 933
View::renderLayout() - D:\xampp71\htdocs\utm-data\lib\Cake\View\View.php, line 546
View::render() - D:\xampp71\htdocs\utm-data\lib\Cake\View\View.php, line 481
Controller::render() - D:\xampp71\htdocs\utm-data\lib\Cake\Controller\Controller.php, line 968
Dispatcher::_invoke() - D:\xampp71\htdocs\utm-data\lib\Cake\Routing\Dispatcher.php, line 200
Dispatcher::dispatch() - D:\xampp71\htdocs\utm-data\lib\Cake\Routing\Dispatcher.php, line 167
[main] - APP\webroot\index.php, line 117

2026-02-17 16:17:55 Debug: Notice (8): Undefined variable: cakeDescription in [D:\xampp71\htdocs\cake2-test\app\View\Layouts\default.ctp, line 25]
Trace:
ErrorHandler::handleError() - D:\xampp71\htdocs\utm-data\lib\Cake\Error\ErrorHandler.php, line 230
include - APP\View\Layouts\default.ctp, line 25
View::_evaluate() - D:\xampp71\htdocs\utm-data\lib\Cake\View\View.php, line 971
View::_render() - D:\xampp71\htdocs\utm-data\lib\Cake\View\View.php, line 933
View::renderLayout() - D:\xampp71\htdocs\utm-data\lib\Cake\View\View.php, line 546
View::render() - D:\xampp71\htdocs\utm-data\lib\Cake\View\View.php, line 481
Controller::render() - D:\xampp71\htdocs\utm-data\lib\Cake\Controller\Controller.php, line 968
Dispatcher::_invoke() - D:\xampp71\htdocs\utm-data\lib\Cake\Routing\Dispatcher.php, line 200
Dispatcher::dispatch() - D:\xampp71\htdocs\utm-data\lib\Cake\Routing\Dispatcher.php, line 167
[main] - APP\webroot\index.php, line 117

2026-02-17 16:17:55 Debug: Notice (8): Undefined variable: cakeDescription in [D:\xampp71\htdocs\cake2-test\app\View\Layouts\default.ctp, line 42]
Trace:
ErrorHandler::handleError() - D:\xampp71\htdocs\utm-data\lib\Cake\Error\ErrorHandler.php, line 230
include - APP\View\Layouts\default.ctp, line 42
View::_evaluate() - D:\xampp71\htdocs\utm-data\lib\Cake\View\View.php, line 971
View::_render() - D:\xampp71\htdocs\utm-data\lib\Cake\View\View.php, line 933
View::renderLayout() - D:\xampp71\htdocs\utm-data\lib\Cake\View\View.php, line 546
View::render() - D:\xampp71\htdocs\utm-data\lib\Cake\View\View.php, line 481
Controller::render() - D:\xampp71\htdocs\utm-data\lib\Cake\Controller\Controller.php, line 968
Dispatcher::_invoke() - D:\xampp71\htdocs\utm-data\lib\Cake\Routing\Dispatcher.php, line 200
Dispatcher::dispatch() - D:\xampp71\htdocs\utm-data\lib\Cake\Routing\Dispatcher.php, line 167
[main] - APP\webroot\index.php, line 117

2026-02-17 16:17:55 Debug: Notice (8): Undefined variable: cakeVersion in [D:\xampp71\htdocs\cake2-test\app\View\Layouts\default.ctp, line 58]
Trace:
ErrorHandler::handleError() - D:\xampp71\htdocs\utm-data\lib\Cake\Error\ErrorHandler.php, line 230
include - APP\View\Layouts\default.ctp, line 58
View::_evaluate() - D:\xampp71\htdocs\utm-data\lib\Cake\View\View.php, line 971
View::_render() - D:\xampp71\htdocs\utm-data\lib\Cake\View\View.php, line 933
View::renderLayout() - D:\xampp71\htdocs\utm-data\lib\Cake\View\View.php, line 546
View::render() - D:\xampp71\htdocs\utm-data\lib\Cake\View\View.php, line 481
Controller::render() - D:\xampp71\htdocs\utm-data\lib\Cake\Controller\Controller.php, line 968
Dispatcher::_invoke() - D:\xampp71\htdocs\utm-data\lib\Cake\Routing\Dispatcher.php, line 200
Dispatcher::dispatch() - D:\xampp71\htdocs\utm-data\lib\Cake\Routing\Dispatcher.php, line 167
[main] - APP\webroot\index.php, line 117

2026-02-17 16:18:32 Debug: Notice (8): Undefined variable: cakeDescription in [D:\xampp71\htdocs\cake2-test\app\View\Layouts\default.ctp, line 25]
Trace:
ErrorHandler::handleError() - D:\xampp71\htdocs\utm-data\lib\Cake\Error\ErrorHandler.php, line 230
include - APP\View\Layouts\default.ctp, line 25
View::_evaluate() - D:\xampp71\htdocs\utm-data\lib\Cake\View\View.php, line 971
View::_render() - D:\xampp71\htdocs\utm-data\lib\Cake\View\View.php, line 933
View::renderLayout() - D:\xampp71\htdocs\utm-data\lib\Cake\View\View.php, line 546
View::render() - D:\xampp71\htdocs\utm-data\lib\Cake\View\View.php, line 481
Controller::render() - D:\xampp71\htdocs\utm-data\lib\Cake\Controller\Controller.php, line 968
Dispatcher::_invoke() - D:\xampp71\htdocs\utm-data\lib\Cake\Routing\Dispatcher.php, line 200
Dispatcher::dispatch() - D:\xampp71\htdocs\utm-data\lib\Cake\Routing\Dispatcher.php, line 167
[main] - APP\webroot\index.php, line 117

2026-02-17 16:18:32 Debug: Notice (8): Undefined variable: cakeDescription in [D:\xampp71\htdocs\cake2-test\app\View\Layouts\default.ctp, line 42]
Trace:
ErrorHandler::handleError() - D:\xampp71\htdocs\utm-data\lib\Cake\Error\ErrorHandler.php, line 230
include - APP\View\Layouts\default.ctp, line 42
View::_evaluate() - D:\xampp71\htdocs\utm-data\lib\Cake\View\View.php, line 971
View::_render() - D:\xampp71\htdocs\utm-data\lib\Cake\View\View.php, line 933
View::renderLayout() - D:\xampp71\htdocs\utm-data\lib\Cake\View\View.php, line 546
View::render() - D:\xampp71\htdocs\utm-data\lib\Cake\View\View.php, line 481
Controller::render() - D:\xampp71\htdocs\utm-data\lib\Cake\Controller\Controller.php, line 968
Dispatcher::_invoke() - D:\xampp71\htdocs\utm-data\lib\Cake\Routing\Dispatcher.php, line 200
Dispatcher::dispatch() - D:\xampp71\htdocs\utm-data\lib\Cake\Routing\Dispatcher.php, line 167
[main] - APP\webroot\index.php, line 117

2026-02-17 16:18:32 Debug: Notice (8): Undefined variable: cakeVersion in [D:\xampp71\htdocs\cake2-test\app\View\Layouts\default.ctp, line 58]
Trace:
ErrorHandler::handleError() - D:\xampp71\htdocs\utm-data\lib\Cake\Error\ErrorHandler.php, line 230
include - APP\View\Layouts\default.ctp, line 58
View::_evaluate() - D:\xampp71\htdocs\utm-data\lib\Cake\View\View.php, line 971
View::_render() - D:\xampp71\htdocs\utm-data\lib\Cake\View\View.php, line 933
View::renderLayout() - D:\xampp71\htdocs\utm-data\lib\Cake\View\View.php, line 546
View::render() - D:\xampp71\htdocs\utm-data\lib\Cake\View\View.php, line 481
Controller::render() - D:\xampp71\htdocs\utm-data\lib\Cake\Controller\Controller.php, line 968
Dispatcher::_invoke() - D:\xampp71\htdocs\utm-data\lib\Cake\Routing\Dispatcher.php, line 200
Dispatcher::dispatch() - D:\xampp71\htdocs\utm-data\lib\Cake\Routing\Dispatcher.php, line 167
[main] - APP\webroot\index.php, line 117

2026-02-17 16:18:35 Debug: Notice (8): Undefined variable: cakeDescription in [D:\xampp71\htdocs\cake2-test\app\View\Layouts\default.ctp, line 25]
Trace:
ErrorHandler::handleError() - D:\xampp71\htdocs\utm-data\lib\Cake\Error\ErrorHandler.php, line 230
include - APP\View\Layouts\default.ctp, line 25
View::_evaluate() - D:\xampp71\htdocs\utm-data\lib\Cake\View\View.php, line 971
View::_render() - D:\xampp71\htdocs\utm-data\lib\Cake\View\View.php, line 933
View::renderLayout() - D:\xampp71\htdocs\utm-data\lib\Cake\View\View.php, line 546
View::render() - D:\xampp71\htdocs\utm-data\lib\Cake\View\View.php, line 481
Controller::render() - D:\xampp71\htdocs\utm-data\lib\Cake\Controller\Controller.php, line 968
Dispatcher::_invoke() - D:\xampp71\htdocs\utm-data\lib\Cake\Routing\Dispatcher.php, line 200
Dispatcher::dispatch() - D:\xampp71\htdocs\utm-data\lib\Cake\Routing\Dispatcher.php, line 167
[main] - APP\webroot\index.php, line 117

2026-02-17 16:18:35 Debug: Notice (8): Undefined variable: cakeDescription in [D:\xampp71\htdocs\cake2-test\app\View\Layouts\default.ctp, line 42]
Trace:
ErrorHandler::handleError() - D:\xampp71\htdocs\utm-data\lib\Cake\Error\ErrorHandler.php, line 230
include - APP\View\Layouts\default.ctp, line 42
View::_evaluate() - D:\xampp71\htdocs\utm-data\lib\Cake\View\View.php, line 971
View::_render() - D:\xampp71\htdocs\utm-data\lib\Cake\View\View.php, line 933
View::renderLayout() - D:\xampp71\htdocs\utm-data\lib\Cake\View\View.php, line 546
View::render() - D:\xampp71\htdocs\utm-data\lib\Cake\View\View.php, line 481
Controller::render() - D:\xampp71\htdocs\utm-data\lib\Cake\Controller\Controller.php, line 968
Dispatcher::_invoke() - D:\xampp71\htdocs\utm-data\lib\Cake\Routing\Dispatcher.php, line 200
Dispatcher::dispatch() - D:\xampp71\htdocs\utm-data\lib\Cake\Routing\Dispatcher.php, line 167
[main] - APP\webroot\index.php, line 117

2026-02-17 16:18:35 Debug: Notice (8): Undefined variable: cakeVersion in [D:\xampp71\htdocs\cake2-test\app\View\Layouts\default.ctp, line 58]
Trace:
ErrorHandler::handleError() - D:\xampp71\htdocs\utm-data\lib\Cake\Error\ErrorHandler.php, line 230
include - APP\View\Layouts\default.ctp, line 58
View::_evaluate() - D:\xampp71\htdocs\utm-data\lib\Cake\View\View.php, line 971
View::_render() - D:\xampp71\htdocs\utm-data\lib\Cake\View\View.php, line 933
View::renderLayout() - D:\xampp71\htdocs\utm-data\lib\Cake\View\View.php, line 546
View::render() - D:\xampp71\htdocs\utm-data\lib\Cake\View\View.php, line 481
Controller::render() - D:\xampp71\htdocs\utm-data\lib\Cake\Controller\Controller.php, line 968
Dispatcher::_invoke() - D:\xampp71\htdocs\utm-data\lib\Cake\Routing\Dispatcher.php, line 200
Dispatcher::dispatch() - D:\xampp71\htdocs\utm-data\lib\Cake\Routing\Dispatcher.php, line 167
[main] - APP\webroot\index.php, line 117

2026-02-17 16:18:44 Debug: Notice (8): Undefined variable: cakeDescription in [D:\xampp71\htdocs\cake2-test\app\View\Layouts\default.ctp, line 25]
Trace:
ErrorHandler::handleError() - D:\xampp71\htdocs\utm-data\lib\Cake\Error\ErrorHandler.php, line 230
include - APP\View\Layouts\default.ctp, line 25
View::_evaluate() - D:\xampp71\htdocs\utm-data\lib\Cake\View\View.php, line 971
View::_render() - D:\xampp71\htdocs\utm-data\lib\Cake\View\View.php, line 933
View::renderLayout() - D:\xampp71\htdocs\utm-data\lib\Cake\View\View.php, line 546
View::render() - D:\xampp71\htdocs\utm-data\lib\Cake\View\View.php, line 481
Controller::render() - D:\xampp71\htdocs\utm-data\lib\Cake\Controller\Controller.php, line 968
Dispatcher::_invoke() - D:\xampp71\htdocs\utm-data\lib\Cake\Routing\Dispatcher.php, line 200
Dispatcher::dispatch() - D:\xampp71\htdocs\utm-data\lib\Cake\Routing\Dispatcher.php, line 167
[main] - APP\webroot\index.php, line 117

2026-02-17 16:18:44 Debug: Notice (8): Undefined variable: cakeDescription in [D:\xampp71\htdocs\cake2-test\app\View\Layouts\default.ctp, line 42]
Trace:
ErrorHandler::handleError() - D:\xampp71\htdocs\utm-data\lib\Cake\Error\ErrorHandler.php, line 230
include - APP\View\Layouts\default.ctp, line 42
View::_evaluate() - D:\xampp71\htdocs\utm-data\lib\Cake\View\View.php, line 971
View::_render() - D:\xampp71\htdocs\utm-data\lib\Cake\View\View.php, line 933
View::renderLayout() - D:\xampp71\htdocs\utm-data\lib\Cake\View\View.php, line 546
View::render() - D:\xampp71\htdocs\utm-data\lib\Cake\View\View.php, line 481
Controller::render() - D:\xampp71\htdocs\utm-data\lib\Cake\Controller\Controller.php, line 968
Dispatcher::_invoke() - D:\xampp71\htdocs\utm-data\lib\Cake\Routing\Dispatcher.php, line 200
Dispatcher::dispatch() - D:\xampp71\htdocs\utm-data\lib\Cake\Routing\Dispatcher.php, line 167
[main] - APP\webroot\index.php, line 117

2026-02-17 16:18:44 Debug: Notice (8): Undefined variable: cakeVersion in [D:\xampp71\htdocs\cake2-test\app\View\Layouts\default.ctp, line 58]
Trace:
ErrorHandler::handleError() - D:\xampp71\htdocs\utm-data\lib\Cake\Error\ErrorHandler.php, line 230
include - APP\View\Layouts\default.ctp, line 58
View::_evaluate() - D:\xampp71\htdocs\utm-data\lib\Cake\View\View.php, line 971
View::_render() - D:\xampp71\htdocs\utm-data\lib\Cake\View\View.php, line 933
View::renderLayout() - D:\xampp71\htdocs\utm-data\lib\Cake\View\View.php, line 546
View::render() - D:\xampp71\htdocs\utm-data\lib\Cake\View\View.php, line 481
Controller::render() - D:\xampp71\htdocs\utm-data\lib\Cake\Controller\Controller.php, line 968
Dispatcher::_invoke() - D:\xampp71\htdocs\utm-data\lib\Cake\Routing\Dispatcher.php, line 200
Dispatcher::dispatch() - D:\xampp71\htdocs\utm-data\lib\Cake\Routing\Dispatcher.php, line 167
[main] - APP\webroot\index.php, line 117

