2026-02-17 14:35:34 Error: [MissingControllerException] Controller class HelloController could not be found.
Exception Attributes: array (
  'class' => 'HelloController',
  'plugin' => NULL,
)
Request URL: /utm-data/hello
Stack Trace:
#0 D:\xampp71\htdocs\utm-data\app\webroot\index.php(117): Dispatcher->dispatch(Object(CakeRequest), Object(CakeResponse))
#1 {main}
2026-02-17 14:37:40 Error: [MissingActionException] Action StatisticsController::utm() could not be found.
Exception Attributes: array (
  'controller' => 'StatisticsController',
  'action' => 'utm',
)
Request URL: /utm-data/statistics/utm/list
Stack Trace:
#0 D:\xampp71\htdocs\utm-data\lib\Cake\Routing\Dispatcher.php(193): Controller->invokeAction(Object(CakeRequest))
#1 D:\xampp71\htdocs\utm-data\lib\Cake\Routing\Dispatcher.php(167): Dispatcher->_invoke(Object(StatisticsController), Object(CakeRequest))
#2 D:\xampp71\htdocs\utm-data\app\webroot\index.php(117): Dispatcher->dispatch(Object(CakeRequest), Object(CakeResponse))
#3 {main}
2026-02-17 14:38:56 Error: [MissingActionException] Action StatisticsController::utm() could not be found.
Exception Attributes: array (
  'controller' => 'StatisticsController',
  'action' => 'utm',
)
Request URL: /utm-data/statistics/utm/list
Stack Trace:
#0 D:\xampp71\htdocs\utm-data\lib\Cake\Routing\Dispatcher.php(193): Controller->invokeAction(Object(CakeRequest))
#1 D:\xampp71\htdocs\utm-data\lib\Cake\Routing\Dispatcher.php(167): Dispatcher->_invoke(Object(StatisticsController), Object(CakeRequest))
#2 D:\xampp71\htdocs\utm-data\app\webroot\index.php(117): Dispatcher->dispatch(Object(CakeRequest), Object(CakeResponse))
#3 {main}
2026-02-17 14:38:58 Error: [MissingActionException] Action StatisticsController::utm() could not be found.
Exception Attributes: array (
  'controller' => 'StatisticsController',
  'action' => 'utm',
)
Request URL: /utm-data/statistics/utm
Stack Trace:
#0 D:\xampp71\htdocs\utm-data\lib\Cake\Routing\Dispatcher.php(193): Controller->invokeAction(Object(CakeRequest))
#1 D:\xampp71\htdocs\utm-data\lib\Cake\Routing\Dispatcher.php(167): Dispatcher->_invoke(Object(StatisticsController), Object(CakeRequest))
#2 D:\xampp71\htdocs\utm-data\app\webroot\index.php(117): Dispatcher->dispatch(Object(CakeRequest), Object(CakeResponse))
#3 {main}
2026-02-17 14:39:01 Error: [MissingActionException] Action StatisticsController::utm() could not be found.
Exception Attributes: array (
  'controller' => 'StatisticsController',
  'action' => 'utm',
)
Request URL: /utm-data/statistics/utm
Stack Trace:
#0 D:\xampp71\htdocs\utm-data\lib\Cake\Routing\Dispatcher.php(193): Controller->invokeAction(Object(CakeRequest))
#1 D:\xampp71\htdocs\utm-data\lib\Cake\Routing\Dispatcher.php(167): Dispatcher->_invoke(Object(StatisticsController), Object(CakeRequest))
#2 D:\xampp71\htdocs\utm-data\app\webroot\index.php(117): Dispatcher->dispatch(Object(CakeRequest), Object(CakeResponse))
#3 {main}
2026-02-17 14:39:57 Error: [MissingDatasourceConfigException] The datasource configuration "default" was not found in database.php
Exception Attributes: array (
  'config' => 'default',
)
Request URL: /utm-data/statistics/utm
Stack Trace:
#0 D:\xampp71\htdocs\utm-data\lib\Cake\Model\ConnectionManager.php(91): ConnectionManager::_getConnectionObject('default')
#1 D:\xampp71\htdocs\utm-data\lib\Cake\Model\Model.php(3659): ConnectionManager::getDataSource('default')
#2 D:\xampp71\htdocs\utm-data\lib\Cake\Model\Model.php(1162): Model->setDataSource('default')
#3 D:\xampp71\htdocs\utm-data\lib\Cake\Model\Model.php(3686): Model->setSource('utm_data')
#4 D:\xampp71\htdocs\utm-data\lib\Cake\Model\Model.php(1394): Model->getDataSource()
#5 D:\xampp71\htdocs\utm-data\lib\Cake\Model\Model.php(1490): Model->schema()
#6 D:\xampp71\htdocs\utm-data\lib\Cake\Controller\Component\PaginatorComponent.php(421): Model->hasField('source')
#7 D:\xampp71\htdocs\utm-data\lib\Cake\Controller\Component\PaginatorComponent.php(158): PaginatorComponent->validateSort(Object(AppModel), Array, Array)
#8 D:\xampp71\htdocs\utm-data\app\Controller\StatisticsController.php(21): PaginatorComponent->paginate(Object(AppModel))
#9 [internal function]: StatisticsController->utm()
#10 D:\xampp71\htdocs\utm-data\lib\Cake\Controller\Controller.php(499): ReflectionMethod->invokeArgs(Object(StatisticsController), Array)
#11 D:\xampp71\htdocs\utm-data\lib\Cake\Routing\Dispatcher.php(193): Controller->invokeAction(Object(CakeRequest))
#12 D:\xampp71\htdocs\utm-data\lib\Cake\Routing\Dispatcher.php(167): Dispatcher->_invoke(Object(StatisticsController), Object(CakeRequest))
#13 D:\xampp71\htdocs\utm-data\app\webroot\index.php(117): Dispatcher->dispatch(Object(CakeRequest), Object(CakeResponse))
#14 {main}
2026-02-17 14:44:29 Error: [MissingViewException] View file "Statistics\utm.ctp" is missing.
Exception Attributes: array (
  'file' => 'Statistics\\utm.ctp',
)
Request URL: /utm-data/statistics/utm
Stack Trace:
#0 D:\xampp71\htdocs\utm-data\lib\Cake\View\View.php(470): View->_getViewFileName('Statistics\\utm')
#1 D:\xampp71\htdocs\utm-data\lib\Cake\Controller\Controller.php(968): View->render(NULL, NULL)
#2 D:\xampp71\htdocs\utm-data\lib\Cake\Routing\Dispatcher.php(200): Controller->render()
#3 D:\xampp71\htdocs\utm-data\lib\Cake\Routing\Dispatcher.php(167): Dispatcher->_invoke(Object(StatisticsController), Object(CakeRequest))
#4 D:\xampp71\htdocs\utm-data\app\webroot\index.php(117): Dispatcher->dispatch(Object(CakeRequest), Object(CakeResponse))
#5 {main}
2026-02-17 14:44:39 Error: [MissingActionException] Action StatisticsController::utmlist() could not be found.
Exception Attributes: array (
  'controller' => 'StatisticsController',
  'action' => 'utmlist',
)
Request URL: /utm-data/statistics/utmlist
Stack Trace:
#0 D:\xampp71\htdocs\utm-data\lib\Cake\Routing\Dispatcher.php(193): Controller->invokeAction(Object(CakeRequest))
#1 D:\xampp71\htdocs\utm-data\lib\Cake\Routing\Dispatcher.php(167): Dispatcher->_invoke(Object(StatisticsController), Object(CakeRequest))
#2 D:\xampp71\htdocs\utm-data\app\webroot\index.php(117): Dispatcher->dispatch(Object(CakeRequest), Object(CakeResponse))
#3 {main}
2026-02-17 14:44:44 Error: [MissingViewException] View file "Statistics\utm.ctp" is missing.
Exception Attributes: array (
  'file' => 'Statistics\\utm.ctp',
)
Request URL: /utm-data/statistics/utm/list
Stack Trace:
#0 D:\xampp71\htdocs\utm-data\lib\Cake\View\View.php(470): View->_getViewFileName('Statistics\\utm')
#1 D:\xampp71\htdocs\utm-data\lib\Cake\Controller\Controller.php(968): View->render(NULL, NULL)
#2 D:\xampp71\htdocs\utm-data\lib\Cake\Routing\Dispatcher.php(200): Controller->render()
#3 D:\xampp71\htdocs\utm-data\lib\Cake\Routing\Dispatcher.php(167): Dispatcher->_invoke(Object(StatisticsController), Object(CakeRequest))
#4 D:\xampp71\htdocs\utm-data\app\webroot\index.php(117): Dispatcher->dispatch(Object(CakeRequest), Object(CakeResponse))
#5 {main}
2026-02-17 14:45:05 Error: [MissingActionException] Action StatisticsController::utm() could not be found.
Exception Attributes: array (
  'controller' => 'StatisticsController',
  'action' => 'utm',
)
Request URL: /utm-data/statistics/utm/list
Stack Trace:
#0 D:\xampp71\htdocs\utm-data\lib\Cake\Routing\Dispatcher.php(193): Controller->invokeAction(Object(CakeRequest))
#1 D:\xampp71\htdocs\utm-data\lib\Cake\Routing\Dispatcher.php(167): Dispatcher->_invoke(Object(StatisticsController), Object(CakeRequest))
#2 D:\xampp71\htdocs\utm-data\app\webroot\index.php(117): Dispatcher->dispatch(Object(CakeRequest), Object(CakeResponse))
#3 {main}
2026-02-17 14:45:20 Error: [MissingActionException] Action StatisticsController::utm() could not be found.
Exception Attributes: array (
  'controller' => 'StatisticsController',
  'action' => 'utm',
)
Request URL: /utm-data/statistics/utm
Stack Trace:
#0 D:\xampp71\htdocs\utm-data\lib\Cake\Routing\Dispatcher.php(193): Controller->invokeAction(Object(CakeRequest))
#1 D:\xampp71\htdocs\utm-data\lib\Cake\Routing\Dispatcher.php(167): Dispatcher->_invoke(Object(StatisticsController), Object(CakeRequest))
#2 D:\xampp71\htdocs\utm-data\app\webroot\index.php(117): Dispatcher->dispatch(Object(CakeRequest), Object(CakeResponse))
#3 {main}
2026-02-17 14:45:28 Error: [MissingViewException] View file "Statistics\utm.ctp" is missing.
Exception Attributes: array (
  'file' => 'Statistics\\utm.ctp',
)
Request URL: /utm-data/statistics/utm
Stack Trace:
#0 D:\xampp71\htdocs\utm-data\lib\Cake\View\View.php(470): View->_getViewFileName('Statistics\\utm')
#1 D:\xampp71\htdocs\utm-data\lib\Cake\Controller\Controller.php(968): View->render(NULL, NULL)
#2 D:\xampp71\htdocs\utm-data\lib\Cake\Routing\Dispatcher.php(200): Controller->render()
#3 D:\xampp71\htdocs\utm-data\lib\Cake\Routing\Dispatcher.php(167): Dispatcher->_invoke(Object(StatisticsController), Object(CakeRequest))
#4 D:\xampp71\htdocs\utm-data\app\webroot\index.php(117): Dispatcher->dispatch(Object(CakeRequest), Object(CakeResponse))
#5 {main}
2026-02-17 14:46:41 Error: [MissingActionException] Action StatisticsController::utm() could not be found.
Exception Attributes: array (
  'controller' => 'StatisticsController',
  'action' => 'utm',
)
Request URL: /utm-data/statistics/utm
Stack Trace:
#0 D:\xampp71\htdocs\utm-data\lib\Cake\Routing\Dispatcher.php(193): Controller->invokeAction(Object(CakeRequest))
#1 D:\xampp71\htdocs\utm-data\lib\Cake\Routing\Dispatcher.php(167): Dispatcher->_invoke(Object(StatisticsController), Object(CakeRequest))
#2 D:\xampp71\htdocs\utm-data\app\webroot\index.php(117): Dispatcher->dispatch(Object(CakeRequest), Object(CakeResponse))
#3 {main}
2026-02-17 14:46:44 Error: [MissingViewException] View file "Statistics\utm_list.ctp" is missing.
Exception Attributes: array (
  'file' => 'Statistics\\utm_list.ctp',
)
Request URL: /utm-data/statistics/utm/list
Stack Trace:
#0 D:\xampp71\htdocs\utm-data\lib\Cake\View\View.php(470): View->_getViewFileName('Statistics\\utm_...')
#1 D:\xampp71\htdocs\utm-data\lib\Cake\Controller\Controller.php(968): View->render(NULL, NULL)
#2 D:\xampp71\htdocs\utm-data\lib\Cake\Routing\Dispatcher.php(200): Controller->render()
#3 D:\xampp71\htdocs\utm-data\lib\Cake\Routing\Dispatcher.php(167): Dispatcher->_invoke(Object(StatisticsController), Object(CakeRequest))
#4 D:\xampp71\htdocs\utm-data\app\webroot\index.php(117): Dispatcher->dispatch(Object(CakeRequest), Object(CakeResponse))
#5 {main}
2026-02-17 15:37:16 Error: [NotFoundException] Not Found
Request URL: /utm-data/
Stack Trace:
#0 D:\xampp71\htdocs\utm-data\lib\Cake\View\View.php(971): include()
#1 D:\xampp71\htdocs\utm-data\lib\Cake\View\View.php(933): View->_evaluate('D:\\xampp71\\htdo...', Array)
#2 D:\xampp71\htdocs\utm-data\lib\Cake\View\View.php(473): View->_render('D:\\xampp71\\htdo...')
#3 D:\xampp71\htdocs\utm-data\lib\Cake\Controller\Controller.php(968): View->render('home', NULL)
#4 D:\xampp71\htdocs\utm-data\app\Controller\PagesController.php(72): Controller->render('home')
#5 [internal function]: PagesController->display('home')
#6 D:\xampp71\htdocs\utm-data\lib\Cake\Controller\Controller.php(499): ReflectionMethod->invokeArgs(Object(PagesController), Array)
#7 D:\xampp71\htdocs\utm-data\lib\Cake\Routing\Dispatcher.php(193): Controller->invokeAction(Object(CakeRequest))
#8 D:\xampp71\htdocs\utm-data\lib\Cake\Routing\Dispatcher.php(167): Dispatcher->_invoke(Object(PagesController), Object(CakeRequest))
#9 D:\xampp71\htdocs\utm-data\app\webroot\index.php(117): Dispatcher->dispatch(Object(CakeRequest), Object(CakeResponse))
#10 {main}
2026-02-17 15:37:36 Error: [NotFoundException] Not Found
Request URL: /utm-data/
Stack Trace:
#0 D:\xampp71\htdocs\utm-data\lib\Cake\View\View.php(971): include()
#1 D:\xampp71\htdocs\utm-data\lib\Cake\View\View.php(933): View->_evaluate('D:\\xampp71\\htdo...', Array)
#2 D:\xampp71\htdocs\utm-data\lib\Cake\View\View.php(473): View->_render('D:\\xampp71\\htdo...')
#3 D:\xampp71\htdocs\utm-data\lib\Cake\Controller\Controller.php(968): View->render('home', NULL)
#4 D:\xampp71\htdocs\utm-data\app\Controller\PagesController.php(72): Controller->render('home')
#5 [internal function]: PagesController->display('home')
#6 D:\xampp71\htdocs\utm-data\lib\Cake\Controller\Controller.php(499): ReflectionMethod->invokeArgs(Object(PagesController), Array)
#7 D:\xampp71\htdocs\utm-data\lib\Cake\Routing\Dispatcher.php(193): Controller->invokeAction(Object(CakeRequest))
#8 D:\xampp71\htdocs\utm-data\lib\Cake\Routing\Dispatcher.php(167): Dispatcher->_invoke(Object(PagesController), Object(CakeRequest))
#9 D:\xampp71\htdocs\utm-data\app\webroot\index.php(117): Dispatcher->dispatch(Object(CakeRequest), Object(CakeResponse))
#10 {main}
2026-02-17 15:40:34 Error: [NotFoundException] Not Found
Request URL: /utm-data/
Stack Trace:
#0 D:\xampp71\htdocs\utm-data\lib\Cake\View\View.php(971): include()
#1 D:\xampp71\htdocs\utm-data\lib\Cake\View\View.php(933): View->_evaluate('D:\\xampp71\\htdo...', Array)
#2 D:\xampp71\htdocs\utm-data\lib\Cake\View\View.php(473): View->_render('D:\\xampp71\\htdo...')
#3 D:\xampp71\htdocs\utm-data\lib\Cake\Controller\Controller.php(968): View->render('home', NULL)
#4 D:\xampp71\htdocs\utm-data\app\Controller\PagesController.php(72): Controller->render('home')
#5 [internal function]: PagesController->display('home')
#6 D:\xampp71\htdocs\utm-data\lib\Cake\Controller\Controller.php(499): ReflectionMethod->invokeArgs(Object(PagesController), Array)
#7 D:\xampp71\htdocs\utm-data\lib\Cake\Routing\Dispatcher.php(193): Controller->invokeAction(Object(CakeRequest))
#8 D:\xampp71\htdocs\utm-data\lib\Cake\Routing\Dispatcher.php(167): Dispatcher->_invoke(Object(PagesController), Object(CakeRequest))
#9 D:\xampp71\htdocs\utm-data\app\webroot\index.php(117): Dispatcher->dispatch(Object(CakeRequest), Object(CakeResponse))
#10 {main}
2026-02-17 15:42:03 Error: [NotFoundException] Not Found
Request URL: /utm-data/
Stack Trace:
#0 D:\xampp71\htdocs\utm-data\lib\Cake\View\View.php(971): include()
#1 D:\xampp71\htdocs\utm-data\lib\Cake\View\View.php(933): View->_evaluate('D:\\xampp71\\htdo...', Array)
#2 D:\xampp71\htdocs\utm-data\lib\Cake\View\View.php(473): View->_render('D:\\xampp71\\htdo...')
#3 D:\xampp71\htdocs\utm-data\lib\Cake\Controller\Controller.php(968): View->render('home', NULL)
#4 D:\xampp71\htdocs\utm-data\app\Controller\PagesController.php(72): Controller->render('home')
#5 [internal function]: PagesController->display('home')
#6 D:\xampp71\htdocs\utm-data\lib\Cake\Controller\Controller.php(499): ReflectionMethod->invokeArgs(Object(PagesController), Array)
#7 D:\xampp71\htdocs\utm-data\lib\Cake\Routing\Dispatcher.php(193): Controller->invokeAction(Object(CakeRequest))
#8 D:\xampp71\htdocs\utm-data\lib\Cake\Routing\Dispatcher.php(167): Dispatcher->_invoke(Object(PagesController), Object(CakeRequest))
#9 D:\xampp71\htdocs\utm-data\app\webroot\index.php(117): Dispatcher->dispatch(Object(CakeRequest), Object(CakeResponse))
#10 {main}
2026-02-17 15:42:33 Warning: Warning (2): print_r() expects at least 1 parameter, 0 given in [D:\xampp71\htdocs\utm-data\app\Controller\PagesController.php, line 49]
Trace:
ErrorHandler::handleError() - CORE\Cake\Error\ErrorHandler.php, line 230
print_r - [internal], line ??
PagesController::display() - APP\Controller\PagesController.php, line 49
ReflectionMethod::invokeArgs() - [internal], line ??
Controller::invokeAction() - CORE\Cake\Controller\Controller.php, line 499
Dispatcher::_invoke() - CORE\Cake\Routing\Dispatcher.php, line 193
Dispatcher::dispatch() - CORE\Cake\Routing\Dispatcher.php, line 167
[main] - APP\webroot\index.php, line 117

2026-02-17 15:43:51 Error: [NotFoundException] Not Found
Request URL: /utm-data/
Stack Trace:
#0 D:\xampp71\htdocs\utm-data\lib\Cake\View\View.php(971): include()
#1 D:\xampp71\htdocs\utm-data\lib\Cake\View\View.php(933): View->_evaluate('D:\\xampp71\\htdo...', Array)
#2 D:\xampp71\htdocs\utm-data\lib\Cake\View\View.php(473): View->_render('D:\\xampp71\\htdo...')
#3 D:\xampp71\htdocs\utm-data\lib\Cake\Controller\Controller.php(968): View->render('home', NULL)
#4 D:\xampp71\htdocs\utm-data\app\Controller\PagesController.php(72): Controller->render('home')
#5 [internal function]: PagesController->display('home')
#6 D:\xampp71\htdocs\utm-data\lib\Cake\Controller\Controller.php(499): ReflectionMethod->invokeArgs(Object(PagesController), Array)
#7 D:\xampp71\htdocs\utm-data\lib\Cake\Routing\Dispatcher.php(193): Controller->invokeAction(Object(CakeRequest))
#8 D:\xampp71\htdocs\utm-data\lib\Cake\Routing\Dispatcher.php(167): Dispatcher->_invoke(Object(PagesController), Object(CakeRequest))
#9 D:\xampp71\htdocs\utm-data\app\webroot\index.php(117): Dispatcher->dispatch(Object(CakeRequest), Object(CakeResponse))
#10 {main}
2026-02-17 15:44:15 Error: [NotFoundException] Not Found
Request URL: /utm-data/
Stack Trace:
#0 D:\xampp71\htdocs\utm-data\lib\Cake\View\View.php(971): include()
#1 D:\xampp71\htdocs\utm-data\lib\Cake\View\View.php(933): View->_evaluate('D:\\xampp71\\htdo...', Array)
#2 D:\xampp71\htdocs\utm-data\lib\Cake\View\View.php(473): View->_render('D:\\xampp71\\htdo...')
#3 D:\xampp71\htdocs\utm-data\lib\Cake\Controller\Controller.php(968): View->render('home', NULL)
#4 D:\xampp71\htdocs\utm-data\app\Controller\PagesController.php(72): Controller->render('home')
#5 [internal function]: PagesController->display('home')
#6 D:\xampp71\htdocs\utm-data\lib\Cake\Controller\Controller.php(499): ReflectionMethod->invokeArgs(Object(PagesController), Array)
#7 D:\xampp71\htdocs\utm-data\lib\Cake\Routing\Dispatcher.php(193): Controller->invokeAction(Object(CakeRequest))
#8 D:\xampp71\htdocs\utm-data\lib\Cake\Routing\Dispatcher.php(167): Dispatcher->_invoke(Object(PagesController), Object(CakeRequest))
#9 D:\xampp71\htdocs\utm-data\app\webroot\index.php(117): Dispatcher->dispatch(Object(CakeRequest), Object(CakeResponse))
#10 {main}
2026-02-17 15:44:18 Error: [NotFoundException] Not Found
Request URL: /utm-data/
Stack Trace:
#0 D:\xampp71\htdocs\utm-data\lib\Cake\View\View.php(971): include()
#1 D:\xampp71\htdocs\utm-data\lib\Cake\View\View.php(933): View->_evaluate('D:\\xampp71\\htdo...', Array)
#2 D:\xampp71\htdocs\utm-data\lib\Cake\View\View.php(473): View->_render('D:\\xampp71\\htdo...')
#3 D:\xampp71\htdocs\utm-data\lib\Cake\Controller\Controller.php(968): View->render('home', NULL)
#4 D:\xampp71\htdocs\utm-data\app\Controller\PagesController.php(72): Controller->render('home')
#5 [internal function]: PagesController->display('home')
#6 D:\xampp71\htdocs\utm-data\lib\Cake\Controller\Controller.php(499): ReflectionMethod->invokeArgs(Object(PagesController), Array)
#7 D:\xampp71\htdocs\utm-data\lib\Cake\Routing\Dispatcher.php(193): Controller->invokeAction(Object(CakeRequest))
#8 D:\xampp71\htdocs\utm-data\lib\Cake\Routing\Dispatcher.php(167): Dispatcher->_invoke(Object(PagesController), Object(CakeRequest))
#9 D:\xampp71\htdocs\utm-data\app\webroot\index.php(117): Dispatcher->dispatch(Object(CakeRequest), Object(CakeResponse))
#10 {main}
2026-02-17 15:46:42 Error: [MissingActionException] Action StatisticsController::utm/list() could not be found.
Exception Attributes: array (
  'controller' => 'StatisticsController',
  'action' => 'utm/list',
)
Request URL: /utm-data/statistics/utm/list
Stack Trace:
#0 D:\xampp71\htdocs\utm-data\lib\Cake\Routing\Dispatcher.php(193): Controller->invokeAction(Object(CakeRequest))
#1 D:\xampp71\htdocs\utm-data\lib\Cake\Routing\Dispatcher.php(167): Dispatcher->_invoke(Object(StatisticsController), Object(CakeRequest))
#2 D:\xampp71\htdocs\utm-data\app\webroot\index.php(117): Dispatcher->dispatch(Object(CakeRequest), Object(CakeResponse))
#3 {main}
2026-02-17 15:46:59 Error: [MissingActionException] Action PagesController::home() could not be found.
Exception Attributes: array (
  'controller' => 'PagesController',
  'action' => 'home',
)
Request URL: /utm-data/
Stack Trace:
#0 D:\xampp71\htdocs\utm-data\lib\Cake\Routing\Dispatcher.php(193): Controller->invokeAction(Object(CakeRequest))
#1 D:\xampp71\htdocs\utm-data\lib\Cake\Routing\Dispatcher.php(167): Dispatcher->_invoke(Object(PagesController), Object(CakeRequest))
#2 D:\xampp71\htdocs\utm-data\app\webroot\index.php(117): Dispatcher->dispatch(Object(CakeRequest), Object(CakeResponse))
#3 {main}
2026-02-17 15:46:59 Error: [MissingActionException] Action PagesController::home() could not be found.
Exception Attributes: array (
  'controller' => 'PagesController',
  'action' => 'home',
)
Request URL: /utm-data/
Stack Trace:
#0 D:\xampp71\htdocs\utm-data\lib\Cake\Routing\Dispatcher.php(193): Controller->invokeAction(Object(CakeRequest))
#1 D:\xampp71\htdocs\utm-data\lib\Cake\Routing\Dispatcher.php(167): Dispatcher->_invoke(Object(PagesController), Object(CakeRequest))
#2 D:\xampp71\htdocs\utm-data\app\webroot\index.php(117): Dispatcher->dispatch(Object(CakeRequest), Object(CakeResponse))
#3 {main}
2026-02-17 15:49:01 Error: [NotFoundException] Not Found
Request URL: /utm-data/
Stack Trace:
#0 D:\xampp71\htdocs\utm-data\lib\Cake\View\View.php(971): include()
#1 D:\xampp71\htdocs\utm-data\lib\Cake\View\View.php(933): View->_evaluate('D:\\xampp71\\htdo...', Array)
#2 D:\xampp71\htdocs\utm-data\lib\Cake\View\View.php(473): View->_render('D:\\xampp71\\htdo...')
#3 D:\xampp71\htdocs\utm-data\lib\Cake\Controller\Controller.php(968): View->render('home', NULL)
#4 D:\xampp71\htdocs\utm-data\app\Controller\PagesController.php(71): Controller->render('home')
#5 [internal function]: PagesController->display('home')
#6 D:\xampp71\htdocs\utm-data\lib\Cake\Controller\Controller.php(499): ReflectionMethod->invokeArgs(Object(PagesController), Array)
#7 D:\xampp71\htdocs\utm-data\lib\Cake\Routing\Dispatcher.php(193): Controller->invokeAction(Object(CakeRequest))
#8 D:\xampp71\htdocs\utm-data\lib\Cake\Routing\Dispatcher.php(167): Dispatcher->_invoke(Object(PagesController), Object(CakeRequest))
#9 D:\xampp71\htdocs\utm-data\app\webroot\index.php(117): Dispatcher->dispatch(Object(CakeRequest), Object(CakeResponse))
#10 {main}
2026-02-17 15:49:03 Error: [NotFoundException] Not Found
Request URL: /utm-data/
Stack Trace:
#0 D:\xampp71\htdocs\utm-data\lib\Cake\View\View.php(971): include()
#1 D:\xampp71\htdocs\utm-data\lib\Cake\View\View.php(933): View->_evaluate('D:\\xampp71\\htdo...', Array)
#2 D:\xampp71\htdocs\utm-data\lib\Cake\View\View.php(473): View->_render('D:\\xampp71\\htdo...')
#3 D:\xampp71\htdocs\utm-data\lib\Cake\Controller\Controller.php(968): View->render('home', NULL)
#4 D:\xampp71\htdocs\utm-data\app\Controller\PagesController.php(71): Controller->render('home')
#5 [internal function]: PagesController->display('home')
#6 D:\xampp71\htdocs\utm-data\lib\Cake\Controller\Controller.php(499): ReflectionMethod->invokeArgs(Object(PagesController), Array)
#7 D:\xampp71\htdocs\utm-data\lib\Cake\Routing\Dispatcher.php(193): Controller->invokeAction(Object(CakeRequest))
#8 D:\xampp71\htdocs\utm-data\lib\Cake\Routing\Dispatcher.php(167): Dispatcher->_invoke(Object(PagesController), Object(CakeRequest))
#9 D:\xampp71\htdocs\utm-data\app\webroot\index.php(117): Dispatcher->dispatch(Object(CakeRequest), Object(CakeResponse))
#10 {main}
2026-02-17 15:49:23 Error: [NotFoundException] Not Found
Request URL: /utm-data/
Stack Trace:
#0 D:\xampp71\htdocs\utm-data\lib\Cake\View\View.php(971): include()
#1 D:\xampp71\htdocs\utm-data\lib\Cake\View\View.php(933): View->_evaluate('D:\\xampp71\\htdo...', Array)
#2 D:\xampp71\htdocs\utm-data\lib\Cake\View\View.php(473): View->_render('D:\\xampp71\\htdo...')
#3 D:\xampp71\htdocs\utm-data\lib\Cake\Controller\Controller.php(968): View->render('home', NULL)
#4 D:\xampp71\htdocs\utm-data\app\Controller\PagesController.php(71): Controller->render('home')
#5 [internal function]: PagesController->display('home')
#6 D:\xampp71\htdocs\utm-data\lib\Cake\Controller\Controller.php(499): ReflectionMethod->invokeArgs(Object(PagesController), Array)
#7 D:\xampp71\htdocs\utm-data\lib\Cake\Routing\Dispatcher.php(193): Controller->invokeAction(Object(CakeRequest))
#8 D:\xampp71\htdocs\utm-data\lib\Cake\Routing\Dispatcher.php(167): Dispatcher->_invoke(Object(PagesController), Object(CakeRequest))
#9 D:\xampp71\htdocs\utm-data\app\webroot\index.php(117): Dispatcher->dispatch(Object(CakeRequest), Object(CakeResponse))
#10 {main}
2026-02-17 16:14:39 Error: [NotFoundException] Not Found
Request URL: /cake2-test/
Stack Trace:
#0 D:\xampp71\htdocs\utm-data\lib\Cake\View\View.php(971): include()
#1 D:\xampp71\htdocs\utm-data\lib\Cake\View\View.php(933): View->_evaluate('D:\\xampp71\\htdo...', Array)
#2 D:\xampp71\htdocs\utm-data\lib\Cake\View\View.php(473): View->_render('D:\\xampp71\\htdo...')
#3 D:\xampp71\htdocs\utm-data\lib\Cake\Controller\Controller.php(968): View->render('home', NULL)
#4 D:\xampp71\htdocs\utm-data\app\Controller\PagesController.php(71): Controller->render('home')
#5 [internal function]: PagesController->display('home')
#6 D:\xampp71\htdocs\utm-data\lib\Cake\Controller\Controller.php(499): ReflectionMethod->invokeArgs(Object(PagesController), Array)
#7 D:\xampp71\htdocs\utm-data\lib\Cake\Routing\Dispatcher.php(193): Controller->invokeAction(Object(CakeRequest))
#8 D:\xampp71\htdocs\utm-data\lib\Cake\Routing\Dispatcher.php(167): Dispatcher->_invoke(Object(PagesController), Object(CakeRequest))
#9 D:\xampp71\htdocs\cake2-test\app\webroot\index.php(117): Dispatcher->dispatch(Object(CakeRequest), Object(CakeResponse))
#10 {main}
2026-02-17 16:14:49 Error: [MissingControllerException] Controller class HomeController could not be found.
Exception Attributes: array (
  'class' => 'HomeController',
  'plugin' => NULL,
)
Request URL: /cake2-test/home
Stack Trace:
#0 D:\xampp71\htdocs\cake2-test\app\webroot\index.php(117): Dispatcher->dispatch(Object(CakeRequest), Object(CakeResponse))
#1 {main}
2026-02-17 16:14:59 Error: [NotFoundException] Not Found
Request URL: /cake2-test/pages/home
Stack Trace:
#0 D:\xampp71\htdocs\utm-data\lib\Cake\View\View.php(971): include()
#1 D:\xampp71\htdocs\utm-data\lib\Cake\View\View.php(933): View->_evaluate('D:\\xampp71\\htdo...', Array)
#2 D:\xampp71\htdocs\utm-data\lib\Cake\View\View.php(473): View->_render('D:\\xampp71\\htdo...')
#3 D:\xampp71\htdocs\utm-data\lib\Cake\Controller\Controller.php(968): View->render('home', NULL)
#4 D:\xampp71\htdocs\utm-data\app\Controller\PagesController.php(71): Controller->render('home')
#5 [internal function]: PagesController->display('home')
#6 D:\xampp71\htdocs\utm-data\lib\Cake\Controller\Controller.php(499): ReflectionMethod->invokeArgs(Object(PagesController), Array)
#7 D:\xampp71\htdocs\utm-data\lib\Cake\Routing\Dispatcher.php(193): Controller->invokeAction(Object(CakeRequest))
#8 D:\xampp71\htdocs\utm-data\lib\Cake\Routing\Dispatcher.php(167): Dispatcher->_invoke(Object(PagesController), Object(CakeRequest))
#9 D:\xampp71\htdocs\cake2-test\app\webroot\index.php(117): Dispatcher->dispatch(Object(CakeRequest), Object(CakeResponse))
#10 {main}
2026-02-17 16:15:02 Error: [NotFoundException] Not Found
Request URL: /cake2-test/
Stack Trace:
#0 D:\xampp71\htdocs\utm-data\lib\Cake\View\View.php(971): include()
#1 D:\xampp71\htdocs\utm-data\lib\Cake\View\View.php(933): View->_evaluate('D:\\xampp71\\htdo...', Array)
#2 D:\xampp71\htdocs\utm-data\lib\Cake\View\View.php(473): View->_render('D:\\xampp71\\htdo...')
#3 D:\xampp71\htdocs\utm-data\lib\Cake\Controller\Controller.php(968): View->render('home', NULL)
#4 D:\xampp71\htdocs\utm-data\app\Controller\PagesController.php(71): Controller->render('home')
#5 [internal function]: PagesController->display('home')
#6 D:\xampp71\htdocs\utm-data\lib\Cake\Controller\Controller.php(499): ReflectionMethod->invokeArgs(Object(PagesController), Array)
#7 D:\xampp71\htdocs\utm-data\lib\Cake\Routing\Dispatcher.php(193): Controller->invokeAction(Object(CakeRequest))
#8 D:\xampp71\htdocs\utm-data\lib\Cake\Routing\Dispatcher.php(167): Dispatcher->_invoke(Object(PagesController), Object(CakeRequest))
#9 D:\xampp71\htdocs\cake2-test\app\webroot\index.php(117): Dispatcher->dispatch(Object(CakeRequest), Object(CakeResponse))
#10 {main}
2026-02-17 16:15:07 Error: [MissingControllerException] Controller class UtmController could not be found.
Exception Attributes: array (
  'class' => 'UtmController',
  'plugin' => NULL,
)
Request URL: /cake2-test/utm/list
Stack Trace:
#0 D:\xampp71\htdocs\cake2-test\app\webroot\index.php(117): Dispatcher->dispatch(Object(CakeRequest), Object(CakeResponse))
#1 {main}
